[2024-06-26 09:29:23]--[src_cgi/dealfile_cgi.c:42]--mysql:[user=root,pwd=huafeng,database=cloud_disk][2024-06-26 09:29:23]--[src_cgi/dealfile_cgi.c:47]--redis:[ip=127.0.0.1,port=6379]
[2024-06-26 09:34:49]--[src_cgi/dealfile_cgi.c:695]--cmd = pv
[2024-06-26 09:34:49]--[src_cgi/dealfile_cgi.c:727]--buf = {
    "filename": "cat.jpg",
    "md5": "09a9d1824ea6b9d82ba2bb8cf2303629",
    "token": "9c5b132579cc5957b8a3d4478ae46035",
    "user": "huafeng"
}

[2024-06-26 09:34:49]--[src_cgi/dealfile_cgi.c:730]--user = huafeng, token = 9c5b132579cc5957b8a3d4478ae46035, md5 = 09a9d1824ea6b9d82ba2bb8cf2303629, filename = cat.jpg
[2024-06-26 09:55:25]--[src_cgi/dealfile_cgi.c:695]--cmd = share
[2024-06-26 09:55:25]--[src_cgi/dealfile_cgi.c:727]--buf = {
    "filename": "想法.txt",
    "md5": "83026f4d86f7d8d2d057df5587d7600e",
    "token": "ddf91316d0946dd0abf95826a235a044",
    "user": "huafeng"
}

[2024-06-26 09:55:25]--[src_cgi/dealfile_cgi.c:730]--user = huafeng, token = ddf91316d0946dd0abf95826a235a044, md5 = 83026f4d86f7d8d2d057df5587d7600e, filename = 想法.txt
[2024-06-26 09:55:33]--[src_cgi/dealfile_cgi.c:695]--cmd = share
[2024-06-26 09:55:33]--[src_cgi/dealfile_cgi.c:727]--buf = {
    "filename": "cat.jpg",
    "md5": "09a9d1824ea6b9d82ba2bb8cf2303629",
    "token": "ddf91316d0946dd0abf95826a235a044",
    "user": "huafeng"
}

[2024-06-26 09:55:33]--[src_cgi/dealfile_cgi.c:730]--user = huafeng, token = ddf91316d0946dd0abf95826a235a044, md5 = 09a9d1824ea6b9d82ba2bb8cf2303629, filename = cat.jpg
