[2024-07-12 16:10:24]--[/home/huafeng/HF_DFS/src/src_cgi/login_cgi.c:281]--buf = {
    "pwd": "63a9f0ea7bb98050796b649e85481845",
    "user": "root"
}

[2024-07-12 16:10:24]--[/home/huafeng/HF_DFS/src/src_cgi/login_cgi.c:287]--user = root, pwd = 63a9f0ea7bb98050796b649e85481845
[2024-07-12 16:10:24]--[/home/huafeng/HF_DFS/src/src_cgi/login_cgi.c:98]--mysql_user = , mysql_pwd = , mysql_db = 
[2024-07-12 16:10:24]--[/home/huafeng/HF_DFS/src/src_cgi/login_cgi.c:104]--msql_conn err
[2024-07-12 16:10:26]--[/home/huafeng/HF_DFS/src/src_cgi/login_cgi.c:281]--buf = {
    "pwd": "63a9f0ea7bb98050796b649e85481845",
    "user": "root"
}

[2024-07-12 16:10:26]--[/home/huafeng/HF_DFS/src/src_cgi/login_cgi.c:287]--user = root, pwd = 63a9f0ea7bb98050796b649e85481845
[2024-07-12 16:10:26]--[/home/huafeng/HF_DFS/src/src_cgi/login_cgi.c:98]--mysql_user = , mysql_pwd = , mysql_db = 
[2024-07-12 16:10:26]--[/home/huafeng/HF_DFS/src/src_cgi/login_cgi.c:104]--msql_conn err
[2024-07-12 16:10:27]--[/home/huafeng/HF_DFS/src/src_cgi/login_cgi.c:281]--buf = {
    "pwd": "63a9f0ea7bb98050796b649e85481845",
    "user": "root"
}

[2024-07-12 16:10:27]--[/home/huafeng/HF_DFS/src/src_cgi/login_cgi.c:287]--user = root, pwd = 63a9f0ea7bb98050796b649e85481845
[2024-07-12 16:10:27]--[/home/huafeng/HF_DFS/src/src_cgi/login_cgi.c:98]--mysql_user = , mysql_pwd = , mysql_db = 
[2024-07-12 16:10:27]--[/home/huafeng/HF_DFS/src/src_cgi/login_cgi.c:104]--msql_conn err
[2024-07-12 16:13:28]--[/home/huafeng/HF_DFS/src/src_cgi/login_cgi.c:281]--buf = {
    "pwd": "0079eff7b21542c82e619b6c2eac8c46",
    "user": "huafeng"
}

[2024-07-12 16:13:28]--[/home/huafeng/HF_DFS/src/src_cgi/login_cgi.c:287]--user = huafeng, pwd = 0079eff7b21542c82e619b6c2eac8c46
[2024-07-12 16:13:28]--[/home/huafeng/HF_DFS/src/src_cgi/login_cgi.c:98]--mysql_user = , mysql_pwd = , mysql_db = 
[2024-07-12 16:13:28]--[/home/huafeng/HF_DFS/src/src_cgi/login_cgi.c:104]--msql_conn err
[2024-07-12 16:21:20]--[/home/huafeng/HF_DFS/src/src_cgi/login_cgi.c:282]--buf = {
    "pwd": "0079eff7b21542c82e619b6c2eac8c46",
    "user": "huafeng"
}

[2024-07-12 16:21:20]--[/home/huafeng/HF_DFS/src/src_cgi/login_cgi.c:288]--user = huafeng, pwd = 0079eff7b21542c82e619b6c2eac8c46
[2024-07-12 16:21:20]--[/home/huafeng/HF_DFS/src/src_cgi/login_cgi.c:98]--mysql_user = , mysql_pwd = , mysql_db = 
[2024-07-12 16:21:20]--[/home/huafeng/HF_DFS/src/src_cgi/login_cgi.c:105]--msql_conn err
[2024-07-12 16:22:12]--[/home/huafeng/HF_DFS/src/src_cgi/login_cgi.c:282]--buf = {
    "pwd": "0079eff7b21542c82e619b6c2eac8c46",
    "user": "huafeng"
}

[2024-07-12 16:22:12]--[/home/huafeng/HF_DFS/src/src_cgi/login_cgi.c:288]--user = huafeng, pwd = 0079eff7b21542c82e619b6c2eac8c46
[2024-07-12 16:22:12]--[/home/huafeng/HF_DFS/src/src_cgi/login_cgi.c:98]--mysql_user = , mysql_pwd = , mysql_db = 
[2024-07-12 16:22:12]--[/home/huafeng/HF_DFS/src/src_cgi/login_cgi.c:105]--msql_conn err
[2024-07-12 16:22:14]--[/home/huafeng/HF_DFS/src/src_cgi/login_cgi.c:282]--buf = {
    "pwd": "0079eff7b21542c82e619b6c2eac8c46",
    "user": "huafeng"
}

[2024-07-12 16:22:14]--[/home/huafeng/HF_DFS/src/src_cgi/login_cgi.c:288]--user = huafeng, pwd = 0079eff7b21542c82e619b6c2eac8c46
[2024-07-12 16:22:14]--[/home/huafeng/HF_DFS/src/src_cgi/login_cgi.c:98]--mysql_user = , mysql_pwd = , mysql_db = 
[2024-07-12 16:22:14]--[/home/huafeng/HF_DFS/src/src_cgi/login_cgi.c:105]--msql_conn err
[2024-07-12 16:27:11]--[/home/huafeng/HF_DFS/src/src_cgi/login_cgi.c:284]--buf = {
    "pwd": "0079eff7b21542c82e619b6c2eac8c46",
    "user": "huafeng"
}

[2024-07-12 16:27:11]--[/home/huafeng/HF_DFS/src/src_cgi/login_cgi.c:290]--user = huafeng, pwd = 0079eff7b21542c82e619b6c2eac8c46
[2024-07-12 16:27:11]--[/home/huafeng/HF_DFS/src/src_cgi/login_cgi.c:98]--mysql_user = , mysql_pwd = , mysql_db = 
[2024-07-12 16:27:11]--[/home/huafeng/HF_DFS/src/src_cgi/login_cgi.c:106]--[2024-07-12 16:27:11]--[/home/huafeng/HF_DFS/src/src_cgi/login_cgi.c:107]--msql_conn err
[2024-07-12 16:27:31]--[/home/huafeng/HF_DFS/src/src_cgi/login_cgi.c:284]--buf = {
    "pwd": "0079eff7b21542c82e619b6c2eac8c46",
    "user": "huafeng"
}

[2024-07-12 16:27:31]--[/home/huafeng/HF_DFS/src/src_cgi/login_cgi.c:290]--user = huafeng, pwd = 0079eff7b21542c82e619b6c2eac8c46
[2024-07-12 16:27:31]--[/home/huafeng/HF_DFS/src/src_cgi/login_cgi.c:98]--mysql_user = , mysql_pwd = , mysql_db = 
[2024-07-12 16:27:31]--[/home/huafeng/HF_DFS/src/src_cgi/login_cgi.c:106]--[2024-07-12 16:27:31]--[/home/huafeng/HF_DFS/src/src_cgi/login_cgi.c:107]--msql_conn err
[2024-07-12 16:36:49]--[/home/huafeng/HF_DFS/src/src_cgi/login_cgi.c:284]--buf = {
    "pwd": "0079eff7b21542c82e619b6c2eac8c46",
    "user": "huafeng"
}

[2024-07-12 16:36:49]--[/home/huafeng/HF_DFS/src/src_cgi/login_cgi.c:290]--user = huafeng, pwd = 0079eff7b21542c82e619b6c2eac8c46
[2024-07-12 16:36:49]--[/home/huafeng/HF_DFS/src/src_cgi/login_cgi.c:98]--mysql_user = , mysql_pwd = , mysql_db = 
[2024-07-12 16:36:49]--[/home/huafeng/HF_DFS/src/src_cgi/login_cgi.c:106]--[2024-07-12 16:36:49]--[/home/huafeng/HF_DFS/src/src_cgi/login_cgi.c:107]--msql_conn err
[2024-07-12 16:36:56]--[/home/huafeng/HF_DFS/src/src_cgi/login_cgi.c:284]--buf = {
    "pwd": "0079eff7b21542c82e619b6c2eac8c46",
    "user": "huafeng"
}

[2024-07-12 16:36:56]--[/home/huafeng/HF_DFS/src/src_cgi/login_cgi.c:290]--user = huafeng, pwd = 0079eff7b21542c82e619b6c2eac8c46
[2024-07-12 16:36:56]--[/home/huafeng/HF_DFS/src/src_cgi/login_cgi.c:98]--mysql_user = , mysql_pwd = , mysql_db = 
[2024-07-12 16:36:56]--[/home/huafeng/HF_DFS/src/src_cgi/login_cgi.c:106]--[2024-07-12 16:36:56]--[/home/huafeng/HF_DFS/src/src_cgi/login_cgi.c:107]--msql_conn err
[2024-07-12 16:44:26]--[/home/huafeng/HF_DFS/src/src_cgi/login_cgi.c:281]--buf = {
    "pwd": "0079eff7b21542c82e619b6c2eac8c46",
    "user": "huafeng"
}

[2024-07-12 16:44:26]--[/home/huafeng/HF_DFS/src/src_cgi/login_cgi.c:287]--user = huafeng, pwd = 0079eff7b21542c82e619b6c2eac8c46
[2024-07-12 16:44:26]--[/home/huafeng/HF_DFS/src/src_cgi/login_cgi.c:98]--mysql_user = root, mysql_pwd = huafeng, mysql_db = cloud_disk
[2024-07-12 16:44:26]--[/home/huafeng/HF_DFS/src/src_cgi/login_cgi.c:157]--redis:[ip=127.0.0.1,port=6379]
[2024-07-12 16:44:26]--[/home/huafeng/HF_DFS/src/src_cgi/login_cgi.c:181]--tmp = huafeng91753211368
[2024-07-12 16:44:26]--[/home/huafeng/HF_DFS/src/src_cgi/login_cgi.c:197]--base64 = JjSBA8Apy6UySkV16HC630r1NmJOQdwE
[2024-07-12 16:44:26]--[/home/huafeng/HF_DFS/src/src_cgi/login_cgi.c:296]--token = 5578c6634fdee8627130a9560537c4d9
