[2024-07-01 09:28:53]--[src_cgi/login_cgi.c:288]--buf = {
    "pwd": "e10adc3949ba59abbe56e057f20f883e",
    "user": "123"
}

[2024-07-01 09:28:53]--[src_cgi/login_cgi.c:294]--user = 123, pwd = e10adc3949ba59abbe56e057f20f883e
[2024-07-01 09:28:53]--[src_cgi/login_cgi.c:101]--mysql_user = root, mysql_pwd = huafeng, mysql_db = cloud_disk
[2024-07-01 09:28:53]--[src_cgi/login_cgi.c:161]--redis:[ip=127.0.0.1,port=6379]
[2024-07-01 09:28:53]--[src_cgi/login_cgi.c:185]--tmp = 1237567589303
[2024-07-01 09:28:53]--[src_cgi/login_cgi.c:201]--base64 = qyXsZwYnC/WzcYbDvogxDw==
[2024-07-01 09:28:53]--[src_cgi/login_cgi.c:303]--token = e599cc019872060209adfdac460735b0
[2024-07-01 09:29:30]--[src_cgi/login_cgi.c:288]--buf = {
    "pwd": "e10adc3949ba59abbe56e057f20f883e",
    "user": "123"
}

[2024-07-01 09:29:30]--[src_cgi/login_cgi.c:294]--user = 123, pwd = e10adc3949ba59abbe56e057f20f883e
[2024-07-01 09:29:30]--[src_cgi/login_cgi.c:101]--mysql_user = root, mysql_pwd = huafeng, mysql_db = cloud_disk
[2024-07-01 09:29:30]--[src_cgi/login_cgi.c:161]--redis:[ip=127.0.0.1,port=6379]
[2024-07-01 09:29:30]--[src_cgi/login_cgi.c:185]--tmp = 123443975370182
[2024-07-01 09:29:30]--[src_cgi/login_cgi.c:201]--base64 = bCI1Z5Co7SpKrXiQvZJ+fA==
[2024-07-01 09:29:30]--[src_cgi/login_cgi.c:303]--token = d13d0750fba402954f1e03a45ecfeba8
[2024-07-01 09:29:32]--[src_cgi/login_cgi.c:288]--buf = {
    "pwd": "e10adc3949ba59abbe56e057f20f883e",
    "user": "123"
}

[2024-07-01 09:29:32]--[src_cgi/login_cgi.c:294]--user = 123, pwd = e10adc3949ba59abbe56e057f20f883e
[2024-07-01 09:29:32]--[src_cgi/login_cgi.c:101]--mysql_user = root, mysql_pwd = huafeng, mysql_db = cloud_disk
[2024-07-01 09:29:32]--[src_cgi/login_cgi.c:161]--redis:[ip=127.0.0.1,port=6379]
[2024-07-01 09:29:32]--[src_cgi/login_cgi.c:185]--tmp = 123876999896172
[2024-07-01 09:29:32]--[src_cgi/login_cgi.c:201]--base64 = sqDSytkU/xy+ea0SN4KTFw==
[2024-07-01 09:29:32]--[src_cgi/login_cgi.c:303]--token = 6ba9b8b923aadd64ca416767f786cdf9
