[2024-07-09 13:55:11]--[src_cgi/login_cgi.c:288]--buf = {
    "pwd": "e10adc3949ba59abbe56e057f20f883e",
    "user": "123"
}

[2024-07-09 13:55:11]--[src_cgi/login_cgi.c:294]--user = 123, pwd = e10adc3949ba59abbe56e057f20f883e
[2024-07-09 13:55:11]--[src_cgi/login_cgi.c:101]--mysql_user = root, mysql_pwd = huafeng, mysql_db = cloud_disk
[2024-07-09 13:55:11]--[src_cgi/login_cgi.c:161]--redis:[ip=127.0.0.1,port=6379]
[2024-07-09 13:55:11]--[src_cgi/login_cgi.c:185]--tmp = 123673799497299
[2024-07-09 13:55:11]--[src_cgi/login_cgi.c:201]--base64 = OE7bOa87nxxXtDhlxEh0/A==
[2024-07-09 13:55:11]--[src_cgi/login_cgi.c:303]--token = 7b070e9f0e0cd6f247fba2b010857406
[2024-07-09 14:26:15]--[src_cgi/login_cgi.c:288]--buf = {
    "pwd": "e10adc3949ba59abbe56e057f20f883e",
    "user": "123"
}

[2024-07-09 14:26:15]--[src_cgi/login_cgi.c:294]--user = 123, pwd = e10adc3949ba59abbe56e057f20f883e
[2024-07-09 14:26:15]--[src_cgi/login_cgi.c:101]--mysql_user = root, mysql_pwd = huafeng, mysql_db = cloud_disk
[2024-07-09 14:26:15]--[src_cgi/login_cgi.c:161]--redis:[ip=127.0.0.1,port=6379]
[2024-07-09 14:26:15]--[src_cgi/login_cgi.c:185]--tmp = 123748378529720
[2024-07-09 14:26:15]--[src_cgi/login_cgi.c:201]--base64 = JGnfqazEi/FbcFaAxtx8/w==
[2024-07-09 14:26:15]--[src_cgi/login_cgi.c:303]--token = 81d0904aba7b0db674b77f91491b5747
