[2024-07-09 13:54:22]--[src_cgi/myfiles_cgi.c:40]--mysql:[user=root,pwd=huafeng,database=cloud_disk][2024-07-09 13:55:11]--[src_cgi/myfiles_cgi.c:496]--cmd = count
[2024-07-09 13:55:11]--[src_cgi/myfiles_cgi.c:528]--buf = {
    "token": "7b070e9f0e0cd6f247fba2b010857406",
    "user": "123"
}

[2024-07-09 13:55:11]--[src_cgi/myfiles_cgi.c:176]--line = 1
[2024-07-09 13:55:11]--[src_cgi/myfiles_cgi.c:496]--cmd = normal
[2024-07-09 13:55:11]--[src_cgi/myfiles_cgi.c:528]--buf = {
    "count": 1,
    "start": 0,
    "token": "7b070e9f0e0cd6f247fba2b010857406",
    "user": "123"
}

[2024-07-09 13:55:11]--[src_cgi/myfiles_cgi.c:548]--user = 123, token = 7b070e9f0e0cd6f247fba2b010857406, start = 0, count = 1
[2024-07-09 13:55:11]--[src_cgi/myfiles_cgi.c:306]--select user_file_list.*, file_info.url, file_info.size, file_info.type from file_info, user_file_list where user = '123' and file_info.md5 = user_file_list.md5 limit 0, 1 在操作
[2024-07-09 13:55:11]--[src_cgi/myfiles_cgi.c:428]--{
	"files":	[{
			"user":	"123",
			"md5":	"09a9d1824ea6b9d82ba2bb8cf2303629",
			"time":	"2024-06-26 09:56:16",
			"filename":	"cat.jpg",
			"share_status":	0,
			"pv":	0,
			"url":	"http://192.168.181.1:80/group1/M00/00/00/wKi1AWZ7bz2AVGF6AABAxuJNm8o185.jpg",
			"size":	16582,
			"type":	"jpg"
		}]
}
[2024-07-09 14:01:28]--[src_cgi/myfiles_cgi.c:496]--cmd = count
[2024-07-09 14:01:28]--[src_cgi/myfiles_cgi.c:528]--buf = {
    "token": "7b070e9f0e0cd6f247fba2b010857406",
    "user": "123"
}

[2024-07-09 14:01:28]--[src_cgi/myfiles_cgi.c:176]--line = 1
[2024-07-09 14:01:28]--[src_cgi/myfiles_cgi.c:496]--cmd = normal
[2024-07-09 14:01:28]--[src_cgi/myfiles_cgi.c:528]--buf = {
    "count": 1,
    "start": 0,
    "token": "7b070e9f0e0cd6f247fba2b010857406",
    "user": "123"
}

[2024-07-09 14:01:28]--[src_cgi/myfiles_cgi.c:548]--user = 123, token = 7b070e9f0e0cd6f247fba2b010857406, start = 0, count = 1
[2024-07-09 14:01:28]--[src_cgi/myfiles_cgi.c:306]--select user_file_list.*, file_info.url, file_info.size, file_info.type from file_info, user_file_list where user = '123' and file_info.md5 = user_file_list.md5 limit 0, 1 在操作
[2024-07-09 14:01:28]--[src_cgi/myfiles_cgi.c:428]--{
	"files":	[{
			"user":	"123",
			"md5":	"09a9d1824ea6b9d82ba2bb8cf2303629",
			"time":	"2024-06-26 09:56:16",
			"filename":	"cat.jpg",
			"share_status":	0,
			"pv":	0,
			"url":	"http://192.168.181.1:80/group1/M00/00/00/wKi1AWZ7bz2AVGF6AABAxuJNm8o185.jpg",
			"size":	16582,
			"type":	"jpg"
		}]
}
[2024-07-09 14:02:19]--[src_cgi/myfiles_cgi.c:496]--cmd = count
[2024-07-09 14:02:19]--[src_cgi/myfiles_cgi.c:528]--buf = {
    "token": "7b070e9f0e0cd6f247fba2b010857406",
    "user": "123"
}

[2024-07-09 14:02:19]--[src_cgi/myfiles_cgi.c:176]--line = 2
[2024-07-09 14:02:19]--[src_cgi/myfiles_cgi.c:496]--cmd = normal
[2024-07-09 14:02:19]--[src_cgi/myfiles_cgi.c:528]--buf = {
    "count": 2,
    "start": 0,
    "token": "7b070e9f0e0cd6f247fba2b010857406",
    "user": "123"
}

[2024-07-09 14:02:19]--[src_cgi/myfiles_cgi.c:548]--user = 123, token = 7b070e9f0e0cd6f247fba2b010857406, start = 0, count = 2
[2024-07-09 14:02:19]--[src_cgi/myfiles_cgi.c:306]--select user_file_list.*, file_info.url, file_info.size, file_info.type from file_info, user_file_list where user = '123' and file_info.md5 = user_file_list.md5 limit 0, 2 在操作
[2024-07-09 14:02:19]--[src_cgi/myfiles_cgi.c:428]--{
	"files":	[{
			"user":	"123",
			"md5":	"09a9d1824ea6b9d82ba2bb8cf2303629",
			"time":	"2024-06-26 09:56:16",
			"filename":	"cat.jpg",
			"share_status":	0,
			"pv":	0,
			"url":	"http://192.168.181.1:80/group1/M00/00/00/wKi1AWZ7bz2AVGF6AABAxuJNm8o185.jpg",
			"size":	16582,
			"type":	"jpg"
		}, {
			"user":	"123",
			"md5":	"d41d8cd98f00b204e9800998ecf8427e",
			"time":	"2024-07-09 14:01:39",
			"filename":	"想法.txt",
			"share_status":	0,
			"pv":	0,
			"url":	"http://192.168.181.1:80/group1/M00/00/00/wKi1AWaM0kOAVllLAAAAAAAAAAA306.txt",
			"size":	0,
			"type":	"txt"
		}]
}
[2024-07-09 14:02:29]--[src_cgi/myfiles_cgi.c:496]--cmd = count
[2024-07-09 14:02:29]--[src_cgi/myfiles_cgi.c:528]--buf = {
    "token": "7b070e9f0e0cd6f247fba2b010857406",
    "user": "123"
}

[2024-07-09 14:02:29]--[src_cgi/myfiles_cgi.c:176]--line = 2
[2024-07-09 14:02:29]--[src_cgi/myfiles_cgi.c:496]--cmd = normal
[2024-07-09 14:02:29]--[src_cgi/myfiles_cgi.c:528]--buf = {
    "count": 2,
    "start": 0,
    "token": "7b070e9f0e0cd6f247fba2b010857406",
    "user": "123"
}

[2024-07-09 14:02:29]--[src_cgi/myfiles_cgi.c:548]--user = 123, token = 7b070e9f0e0cd6f247fba2b010857406, start = 0, count = 2
[2024-07-09 14:02:29]--[src_cgi/myfiles_cgi.c:306]--select user_file_list.*, file_info.url, file_info.size, file_info.type from file_info, user_file_list where user = '123' and file_info.md5 = user_file_list.md5 limit 0, 2 在操作
[2024-07-09 14:02:29]--[src_cgi/myfiles_cgi.c:428]--{
	"files":	[{
			"user":	"123",
			"md5":	"09a9d1824ea6b9d82ba2bb8cf2303629",
			"time":	"2024-06-26 09:56:16",
			"filename":	"cat.jpg",
			"share_status":	0,
			"pv":	0,
			"url":	"http://192.168.181.1:80/group1/M00/00/00/wKi1AWZ7bz2AVGF6AABAxuJNm8o185.jpg",
			"size":	16582,
			"type":	"jpg"
		}, {
			"user":	"123",
			"md5":	"d41d8cd98f00b204e9800998ecf8427e",
			"time":	"2024-07-09 14:01:39",
			"filename":	"想法.txt",
			"share_status":	0,
			"pv":	0,
			"url":	"http://192.168.181.1:80/group1/M00/00/00/wKi1AWaM0kOAVllLAAAAAAAAAAA306.txt",
			"size":	0,
			"type":	"txt"
		}]
}
[2024-07-09 14:02:31]--[src_cgi/myfiles_cgi.c:496]--cmd = count
[2024-07-09 14:02:31]--[src_cgi/myfiles_cgi.c:528]--buf = {
    "token": "7b070e9f0e0cd6f247fba2b010857406",
    "user": "123"
}

[2024-07-09 14:02:31]--[src_cgi/myfiles_cgi.c:176]--line = 2
[2024-07-09 14:02:31]--[src_cgi/myfiles_cgi.c:496]--cmd = normal
[2024-07-09 14:02:31]--[src_cgi/myfiles_cgi.c:528]--buf = {
    "count": 2,
    "start": 0,
    "token": "7b070e9f0e0cd6f247fba2b010857406",
    "user": "123"
}

[2024-07-09 14:02:31]--[src_cgi/myfiles_cgi.c:548]--user = 123, token = 7b070e9f0e0cd6f247fba2b010857406, start = 0, count = 2
[2024-07-09 14:02:31]--[src_cgi/myfiles_cgi.c:306]--select user_file_list.*, file_info.url, file_info.size, file_info.type from file_info, user_file_list where user = '123' and file_info.md5 = user_file_list.md5 limit 0, 2 在操作
[2024-07-09 14:02:31]--[src_cgi/myfiles_cgi.c:428]--{
	"files":	[{
			"user":	"123",
			"md5":	"09a9d1824ea6b9d82ba2bb8cf2303629",
			"time":	"2024-06-26 09:56:16",
			"filename":	"cat.jpg",
			"share_status":	0,
			"pv":	0,
			"url":	"http://192.168.181.1:80/group1/M00/00/00/wKi1AWZ7bz2AVGF6AABAxuJNm8o185.jpg",
			"size":	16582,
			"type":	"jpg"
		}, {
			"user":	"123",
			"md5":	"d41d8cd98f00b204e9800998ecf8427e",
			"time":	"2024-07-09 14:01:39",
			"filename":	"想法.txt",
			"share_status":	0,
			"pv":	0,
			"url":	"http://192.168.181.1:80/group1/M00/00/00/wKi1AWaM0kOAVllLAAAAAAAAAAA306.txt",
			"size":	0,
			"type":	"txt"
		}]
}
[2024-07-09 14:26:15]--[src_cgi/myfiles_cgi.c:496]--cmd = count
[2024-07-09 14:26:15]--[src_cgi/myfiles_cgi.c:528]--buf = {
    "token": "81d0904aba7b0db674b77f91491b5747",
    "user": "123"
}

[2024-07-09 14:26:15]--[src_cgi/myfiles_cgi.c:176]--line = 2
[2024-07-09 14:26:15]--[src_cgi/myfiles_cgi.c:496]--cmd = normal
[2024-07-09 14:26:15]--[src_cgi/myfiles_cgi.c:528]--buf = {
    "count": 2,
    "start": 0,
    "token": "81d0904aba7b0db674b77f91491b5747",
    "user": "123"
}

[2024-07-09 14:26:15]--[src_cgi/myfiles_cgi.c:548]--user = 123, token = 81d0904aba7b0db674b77f91491b5747, start = 0, count = 2
[2024-07-09 14:26:15]--[src_cgi/myfiles_cgi.c:306]--select user_file_list.*, file_info.url, file_info.size, file_info.type from file_info, user_file_list where user = '123' and file_info.md5 = user_file_list.md5 limit 0, 2 在操作
[2024-07-09 14:26:15]--[src_cgi/myfiles_cgi.c:428]--{
	"files":	[{
			"user":	"123",
			"md5":	"09a9d1824ea6b9d82ba2bb8cf2303629",
			"time":	"2024-06-26 09:56:16",
			"filename":	"cat.jpg",
			"share_status":	0,
			"pv":	0,
			"url":	"http://192.168.181.1:80/group1/M00/00/00/wKi1AWZ7bz2AVGF6AABAxuJNm8o185.jpg",
			"size":	16582,
			"type":	"jpg"
		}, {
			"user":	"123",
			"md5":	"d41d8cd98f00b204e9800998ecf8427e",
			"time":	"2024-07-09 14:01:39",
			"filename":	"想法.txt",
			"share_status":	0,
			"pv":	0,
			"url":	"http://192.168.181.1:80/group1/M00/00/00/wKi1AWaM0kOAVllLAAAAAAAAAAA306.txt",
			"size":	0,
			"type":	"txt"
		}]
}
