[2024-07-01 09:28:53]--[src_cgi/myfiles_cgi.c:496]--cmd = count
[2024-07-01 09:28:53]--[src_cgi/myfiles_cgi.c:528]--buf = {
    "token": "e599cc019872060209adfdac460735b0",
    "user": "123"
}

[2024-07-01 09:28:53]--[src_cgi/myfiles_cgi.c:176]--line = 1
[2024-07-01 09:28:53]--[src_cgi/myfiles_cgi.c:496]--cmd = normal
[2024-07-01 09:28:53]--[src_cgi/myfiles_cgi.c:528]--buf = {
    "count": 1,
    "start": 0,
    "token": "e599cc019872060209adfdac460735b0",
    "user": "123"
}

[2024-07-01 09:28:53]--[src_cgi/myfiles_cgi.c:548]--user = 123, token = e599cc019872060209adfdac460735b0, start = 0, count = 1
[2024-07-01 09:28:53]--[src_cgi/myfiles_cgi.c:306]--select user_file_list.*, file_info.url, file_info.size, file_info.type from file_info, user_file_list where user = '123' and file_info.md5 = user_file_list.md5 limit 0, 1 在操作
[2024-07-01 09:28:53]--[src_cgi/myfiles_cgi.c:428]--{
	"files":	[{
			"user":	"123",
			"md5":	"09a9d1824ea6b9d82ba2bb8cf2303629",
			"time":	"2024-06-26 09:56:16",
			"filename":	"cat.jpg",
			"share_status":	0,
			"pv":	0,
			"url":	"http://192.168.181.1:80/group1/M00/00/00/wKi1AWZ7bz2AVGF6AABAxuJNm8o185.jpg",
			"size":	16582,
			"type":	"jpg"
		}]
}
[2024-07-01 09:29:30]--[src_cgi/myfiles_cgi.c:496]--cmd = count
[2024-07-01 09:29:30]--[src_cgi/myfiles_cgi.c:528]--buf = {
    "token": "d13d0750fba402954f1e03a45ecfeba8",
    "user": "123"
}

[2024-07-01 09:29:30]--[src_cgi/myfiles_cgi.c:176]--line = 1
[2024-07-01 09:29:30]--[src_cgi/myfiles_cgi.c:496]--cmd = normal
[2024-07-01 09:29:30]--[src_cgi/myfiles_cgi.c:528]--buf = {
    "count": 1,
    "start": 0,
    "token": "d13d0750fba402954f1e03a45ecfeba8",
    "user": "123"
}

[2024-07-01 09:29:30]--[src_cgi/myfiles_cgi.c:548]--user = 123, token = d13d0750fba402954f1e03a45ecfeba8, start = 0, count = 1
[2024-07-01 09:29:30]--[src_cgi/myfiles_cgi.c:306]--select user_file_list.*, file_info.url, file_info.size, file_info.type from file_info, user_file_list where user = '123' and file_info.md5 = user_file_list.md5 limit 0, 1 在操作
[2024-07-01 09:29:30]--[src_cgi/myfiles_cgi.c:428]--{
	"files":	[{
			"user":	"123",
			"md5":	"09a9d1824ea6b9d82ba2bb8cf2303629",
			"time":	"2024-06-26 09:56:16",
			"filename":	"cat.jpg",
			"share_status":	0,
			"pv":	0,
			"url":	"http://192.168.181.1:80/group1/M00/00/00/wKi1AWZ7bz2AVGF6AABAxuJNm8o185.jpg",
			"size":	16582,
			"type":	"jpg"
		}]
}
[2024-07-01 09:29:32]--[src_cgi/myfiles_cgi.c:496]--cmd = count
[2024-07-01 09:29:32]--[src_cgi/myfiles_cgi.c:528]--buf = {
    "token": "6ba9b8b923aadd64ca416767f786cdf9",
    "user": "123"
}

[2024-07-01 09:29:32]--[src_cgi/myfiles_cgi.c:176]--line = 1
[2024-07-01 09:29:32]--[src_cgi/myfiles_cgi.c:496]--cmd = normal
[2024-07-01 09:29:32]--[src_cgi/myfiles_cgi.c:528]--buf = {
    "count": 1,
    "start": 0,
    "token": "6ba9b8b923aadd64ca416767f786cdf9",
    "user": "123"
}

[2024-07-01 09:29:32]--[src_cgi/myfiles_cgi.c:548]--user = 123, token = 6ba9b8b923aadd64ca416767f786cdf9, start = 0, count = 1
[2024-07-01 09:29:32]--[src_cgi/myfiles_cgi.c:306]--select user_file_list.*, file_info.url, file_info.size, file_info.type from file_info, user_file_list where user = '123' and file_info.md5 = user_file_list.md5 limit 0, 1 在操作
[2024-07-01 09:29:32]--[src_cgi/myfiles_cgi.c:428]--{
	"files":	[{
			"user":	"123",
			"md5":	"09a9d1824ea6b9d82ba2bb8cf2303629",
			"time":	"2024-06-26 09:56:16",
			"filename":	"cat.jpg",
			"share_status":	0,
			"pv":	0,
			"url":	"http://192.168.181.1:80/group1/M00/00/00/wKi1AWZ7bz2AVGF6AABAxuJNm8o185.jpg",
			"size":	16582,
			"type":	"jpg"
		}]
}
