[2024-07-12 14:09:48]--[/home/huafeng/HF_DFS/src/src_cgi/sharefiles_cgi.c:39]--mysql:[user=root,pwd=huafeng,database=cloud_disk][2024-07-12 14:09:48]--[/home/huafeng/HF_DFS/src/src_cgi/sharefiles_cgi.c:44]--redis:[ip=127.0.0.1,port=6379]
[2024-07-12 14:09:58]--[/home/huafeng/HF_DFS/src/src_cgi/sharefiles_cgi.c:595]--cmd = count
[2024-07-12 14:09:58]--[/home/huafeng/HF_DFS/src/src_cgi/sharefiles_cgi.c:82]--line = 2
[2024-07-12 14:09:58]--[/home/huafeng/HF_DFS/src/src_cgi/sharefiles_cgi.c:595]--cmd = normal
[2024-07-12 14:09:58]--[/home/huafeng/HF_DFS/src/src_cgi/sharefiles_cgi.c:633]--buf = {
    "count": 2,
    "start": 0
}

[2024-07-12 14:09:58]--[/home/huafeng/HF_DFS/src/src_cgi/sharefiles_cgi.c:642]--start = 0, count = 2
[2024-07-12 14:09:58]--[/home/huafeng/HF_DFS/src/src_cgi/sharefiles_cgi.c:169]--select share_file_list.*, file_info.url, file_info.size, file_info.type from file_info, share_file_list where file_info.md5 = share_file_list.md5 limit 0, 2 在操作
[2024-07-12 14:09:58]--[/home/huafeng/HF_DFS/src/src_cgi/sharefiles_cgi.c:289]--{
	"files":	[{
			"user":	"huafeng",
			"md5":	"09a9d1824ea6b9d82ba2bb8cf2303629",
			"time":	"2024-06-26 09:55:33",
			"filename":	"cat.jpg",
			"share_status":	1,
			"pv":	0,
			"url":	"http://192.168.181.1:80/group1/M00/00/00/wKi1AWZ7bz2AVGF6AABAxuJNm8o185.jpg",
			"size":	16582,
			"type":	"jpg"
		}, {
			"user":	"huafeng",
			"md5":	"83026f4d86f7d8d2d057df5587d7600e",
			"time":	"2024-06-26 09:55:25",
			"filename":	"想法.txt",
			"share_status":	1,
			"pv":	1,
			"url":	"http://192.168.181.1:80/group1/M00/00/00/wKi1AWZ7c02AVi3fAAACTV-b1us149.txt",
			"size":	589,
			"type":	"txt"
		}]
}
[2024-07-12 14:09:59]--[/home/huafeng/HF_DFS/src/src_cgi/sharefiles_cgi.c:595]--cmd = count
[2024-07-12 14:09:59]--[/home/huafeng/HF_DFS/src/src_cgi/sharefiles_cgi.c:82]--line = 2
[2024-07-12 14:09:59]--[/home/huafeng/HF_DFS/src/src_cgi/sharefiles_cgi.c:595]--cmd = pvdesc
[2024-07-12 14:09:59]--[/home/huafeng/HF_DFS/src/src_cgi/sharefiles_cgi.c:633]--buf = {
    "count": 2,
    "start": 0
}

[2024-07-12 14:09:59]--[/home/huafeng/HF_DFS/src/src_cgi/sharefiles_cgi.c:642]--start = 0, count = 2
[2024-07-12 14:09:59]--[/home/huafeng/HF_DFS/src/src_cgi/sharefiles_cgi.c:396]--sql_num = 2, redis_num = 2
[2024-07-12 14:09:59]--[/home/huafeng/HF_DFS/src/src_cgi/sharefiles_cgi.c:526]--{
	"files":	[{
			"filename":	"想法.txt",
			"pv":	1
		}, {
			"filename":	"cat.jpg",
			"pv":	0
		}]
}
[2024-07-12 14:27:37]--[/home/huafeng/HF_DFS/src/src_cgi/sharefiles_cgi.c:595]--cmd = count
[2024-07-12 14:27:37]--[/home/huafeng/HF_DFS/src/src_cgi/sharefiles_cgi.c:82]--line = 2
[2024-07-12 14:27:37]--[/home/huafeng/HF_DFS/src/src_cgi/sharefiles_cgi.c:595]--cmd = pvdesc
[2024-07-12 14:27:37]--[/home/huafeng/HF_DFS/src/src_cgi/sharefiles_cgi.c:633]--buf = {
    "count": 2,
    "start": 0
}

[2024-07-12 14:27:37]--[/home/huafeng/HF_DFS/src/src_cgi/sharefiles_cgi.c:642]--start = 0, count = 2
[2024-07-12 14:27:37]--[/home/huafeng/HF_DFS/src/src_cgi/sharefiles_cgi.c:396]--sql_num = 2, redis_num = 2
[2024-07-12 14:27:37]--[/home/huafeng/HF_DFS/src/src_cgi/sharefiles_cgi.c:526]--{
	"files":	[{
			"filename":	"想法.txt",
			"pv":	1
		}, {
			"filename":	"cat.jpg",
			"pv":	0
		}]
}
[2024-07-12 14:27:40]--[/home/huafeng/HF_DFS/src/src_cgi/sharefiles_cgi.c:595]--cmd = count
[2024-07-12 14:27:40]--[/home/huafeng/HF_DFS/src/src_cgi/sharefiles_cgi.c:82]--line = 2
[2024-07-12 14:27:40]--[/home/huafeng/HF_DFS/src/src_cgi/sharefiles_cgi.c:595]--cmd = normal
[2024-07-12 14:27:40]--[/home/huafeng/HF_DFS/src/src_cgi/sharefiles_cgi.c:633]--buf = {
    "count": 2,
    "start": 0
}

[2024-07-12 14:27:40]--[/home/huafeng/HF_DFS/src/src_cgi/sharefiles_cgi.c:642]--start = 0, count = 2
[2024-07-12 14:27:40]--[/home/huafeng/HF_DFS/src/src_cgi/sharefiles_cgi.c:169]--select share_file_list.*, file_info.url, file_info.size, file_info.type from file_info, share_file_list where file_info.md5 = share_file_list.md5 limit 0, 2 在操作
[2024-07-12 14:27:40]--[/home/huafeng/HF_DFS/src/src_cgi/sharefiles_cgi.c:289]--{
	"files":	[{
			"user":	"huafeng",
			"md5":	"09a9d1824ea6b9d82ba2bb8cf2303629",
			"time":	"2024-06-26 09:55:33",
			"filename":	"cat.jpg",
			"share_status":	1,
			"pv":	0,
			"url":	"http://192.168.181.1:80/group1/M00/00/00/wKi1AWZ7bz2AVGF6AABAxuJNm8o185.jpg",
			"size":	16582,
			"type":	"jpg"
		}, {
			"user":	"huafeng",
			"md5":	"83026f4d86f7d8d2d057df5587d7600e",
			"time":	"2024-06-26 09:55:25",
			"filename":	"想法.txt",
			"share_status":	1,
			"pv":	1,
			"url":	"http://192.168.181.1:80/group1/M00/00/00/wKi1AWZ7c02AVi3fAAACTV-b1us149.txt",
			"size":	589,
			"type":	"txt"
		}]
}
[2024-07-12 14:27:41]--[/home/huafeng/HF_DFS/src/src_cgi/sharefiles_cgi.c:595]--cmd = count
[2024-07-12 14:27:41]--[/home/huafeng/HF_DFS/src/src_cgi/sharefiles_cgi.c:82]--line = 2
[2024-07-12 14:27:41]--[/home/huafeng/HF_DFS/src/src_cgi/sharefiles_cgi.c:595]--cmd = pvdesc
[2024-07-12 14:27:41]--[/home/huafeng/HF_DFS/src/src_cgi/sharefiles_cgi.c:633]--buf = {
    "count": 2,
    "start": 0
}

[2024-07-12 14:27:41]--[/home/huafeng/HF_DFS/src/src_cgi/sharefiles_cgi.c:642]--start = 0, count = 2
[2024-07-12 14:27:41]--[/home/huafeng/HF_DFS/src/src_cgi/sharefiles_cgi.c:396]--sql_num = 2, redis_num = 2
[2024-07-12 14:27:41]--[/home/huafeng/HF_DFS/src/src_cgi/sharefiles_cgi.c:526]--{
	"files":	[{
			"filename":	"想法.txt",
			"pv":	1
		}, {
			"filename":	"cat.jpg",
			"pv":	0
		}]
}
[2024-07-12 14:30:35]--[/home/huafeng/HF_DFS/src/src_cgi/sharefiles_cgi.c:595]--cmd = count
[2024-07-12 14:30:35]--[/home/huafeng/HF_DFS/src/src_cgi/sharefiles_cgi.c:82]--line = 2
[2024-07-12 14:30:35]--[/home/huafeng/HF_DFS/src/src_cgi/sharefiles_cgi.c:595]--cmd = pvdesc
[2024-07-12 14:30:35]--[/home/huafeng/HF_DFS/src/src_cgi/sharefiles_cgi.c:633]--buf = {
    "count": 2,
    "start": 0
}

[2024-07-12 14:30:35]--[/home/huafeng/HF_DFS/src/src_cgi/sharefiles_cgi.c:642]--start = 0, count = 2
[2024-07-12 14:30:35]--[/home/huafeng/HF_DFS/src/src_cgi/sharefiles_cgi.c:396]--sql_num = 2, redis_num = 2
[2024-07-12 14:30:35]--[/home/huafeng/HF_DFS/src/src_cgi/sharefiles_cgi.c:526]--{
	"files":	[{
			"filename":	"想法.txt",
			"pv":	1
		}, {
			"filename":	"cat.jpg",
			"pv":	0
		}]
}
[2024-07-12 14:30:36]--[/home/huafeng/HF_DFS/src/src_cgi/sharefiles_cgi.c:595]--cmd = count
[2024-07-12 14:30:36]--[/home/huafeng/HF_DFS/src/src_cgi/sharefiles_cgi.c:82]--line = 2
[2024-07-12 14:30:36]--[/home/huafeng/HF_DFS/src/src_cgi/sharefiles_cgi.c:595]--cmd = normal
[2024-07-12 14:30:36]--[/home/huafeng/HF_DFS/src/src_cgi/sharefiles_cgi.c:633]--buf = {
    "count": 2,
    "start": 0
}

[2024-07-12 14:30:36]--[/home/huafeng/HF_DFS/src/src_cgi/sharefiles_cgi.c:642]--start = 0, count = 2
[2024-07-12 14:30:36]--[/home/huafeng/HF_DFS/src/src_cgi/sharefiles_cgi.c:169]--select share_file_list.*, file_info.url, file_info.size, file_info.type from file_info, share_file_list where file_info.md5 = share_file_list.md5 limit 0, 2 在操作
[2024-07-12 14:30:36]--[/home/huafeng/HF_DFS/src/src_cgi/sharefiles_cgi.c:289]--{
	"files":	[{
			"user":	"huafeng",
			"md5":	"09a9d1824ea6b9d82ba2bb8cf2303629",
			"time":	"2024-06-26 09:55:33",
			"filename":	"cat.jpg",
			"share_status":	1,
			"pv":	0,
			"url":	"http://192.168.181.1:80/group1/M00/00/00/wKi1AWZ7bz2AVGF6AABAxuJNm8o185.jpg",
			"size":	16582,
			"type":	"jpg"
		}, {
			"user":	"huafeng",
			"md5":	"83026f4d86f7d8d2d057df5587d7600e",
			"time":	"2024-06-26 09:55:25",
			"filename":	"想法.txt",
			"share_status":	1,
			"pv":	1,
			"url":	"http://192.168.181.1:80/group1/M00/00/00/wKi1AWZ7c02AVi3fAAACTV-b1us149.txt",
			"size":	589,
			"type":	"txt"
		}]
}
