This file contains any messages produced by compilers while
running configure, to aid debugging if configure makes a mistake.

It was created by configure, which was
generated by GNU Autoconf 2.60.  Invocation command line was

  $ ./configure 

## --------- ##
## Platform. ##
## --------- ##

hostname = DESKTOP-H7HTQP5
uname -m = x86_64
uname -r = 5.15.146.1-microsoft-standard-WSL2
uname -s = Linux
uname -v = #1 SMP Thu Jan 11 04:09:03 UTC 2024

/usr/bin/uname -p = x86_64
/bin/uname -X     = unknown

/bin/arch              = x86_64
/usr/bin/arch -k       = unknown
/usr/convex/getsysinfo = unknown
/usr/bin/hostinfo      = unknown
/bin/machine           = unknown
/usr/bin/oslevel       = unknown
/bin/universe          = unknown

PATH: /usr/local/go/bin
PATH: /home/huafeng/.vscode-server/bin/611f9bfce64f25108829dd295f54a6894e87339d/bin/remote-cli
PATH: /usr/local/go/bin
PATH: /usr/local/sbin
PATH: /usr/local/bin
PATH: /usr/sbin
PATH: /usr/bin
PATH: /sbin
PATH: /bin
PATH: /usr/games
PATH: /usr/local/games
PATH: /usr/lib/wsl/lib
PATH: /mnt/c/Program Files (x86)/Common Files/Oracle/Java/java8path
PATH: /mnt/c/Program Files (x86)/Common Files/Oracle/Java/javapath
PATH: /mnt/c/Windows/system32
PATH: /mnt/c/Windows
PATH: /mnt/c/Windows/System32/Wbem
PATH: /mnt/c/Windows/System32/WindowsPowerShell/v1.0/
PATH: /mnt/c/Windows/System32/OpenSSH/
PATH: /mnt/c/Program Files (x86)/NVIDIA Corporation/PhysX/Common
PATH: /mnt/c/Softwares/Anaconda
PATH: /mnt/c/Softwares/Anaconda/Scripts
PATH: /mnt/c/Softwares/Git/cmd
PATH: /mnt/c/Softwares/XFtp/
PATH: /mnt/c/Program Files/Java/jdk-1.8/bin
PATH: /mnt/c/Program Files/Java/jdk-1.8/jre/bin
PATH: /mnt/c/Users/fenghua/AppData/Local/Microsoft/WindowsApps
PATH: /mnt/c/Softwares/Microsoft VS Code/bin
PATH: /mnt/c/Softwares/IntelliJ IDEA 2024.1.4/bin
PATH: /snap/bin


## ----------- ##
## Core tests. ##
## ----------- ##

configure:1952: checking for a BSD-compatible install
configure:2008: result: /usr/bin/install -c
configure:2019: checking whether build environment is sane
configure:2062: result: yes
configure:2127: checking for gawk
configure:2143: found /usr/bin/gawk
configure:2154: result: gawk
configure:2165: checking whether make sets $(MAKE)
configure:2186: result: yes
configure:2422: checking for gcc
configure:2438: found /usr/bin/gcc
configure:2449: result: gcc
configure:2687: checking for C compiler version
configure:2694: gcc --version >&5
gcc (Ubuntu 11.4.0-1ubuntu1~22.04) 11.4.0
Copyright (C) 2021 Free Software Foundation, Inc.
This is free software; see the source for copying conditions.  There is NO
warranty; not even for MERCHANTABILITY or FITNESS FOR A PARTICULAR PURPOSE.

configure:2697: $? = 0
configure:2704: gcc -v >&5
Using built-in specs.
COLLECT_GCC=gcc
COLLECT_LTO_WRAPPER=/usr/lib/gcc/x86_64-linux-gnu/11/lto-wrapper
OFFLOAD_TARGET_NAMES=nvptx-none:amdgcn-amdhsa
OFFLOAD_TARGET_DEFAULT=1
Target: x86_64-linux-gnu
Configured with: ../src/configure -v --with-pkgversion='Ubuntu 11.4.0-1ubuntu1~22.04' --with-bugurl=file:///usr/share/doc/gcc-11/README.Bugs --enable-languages=c,ada,c++,go,brig,d,fortran,objc,obj-c++,m2 --prefix=/usr --with-gcc-major-version-only --program-suffix=-11 --program-prefix=x86_64-linux-gnu- --enable-shared --enable-linker-build-id --libexecdir=/usr/lib --without-included-gettext --enable-threads=posix --libdir=/usr/lib --enable-nls --enable-bootstrap --enable-clocale=gnu --enable-libstdcxx-debug --enable-libstdcxx-time=yes --with-default-libstdcxx-abi=new --enable-gnu-unique-object --disable-vtable-verify --enable-plugin --enable-default-pie --with-system-zlib --enable-libphobos-checking=release --with-target-system-zlib=auto --enable-objc-gc=auto --enable-multiarch --disable-werror --enable-cet --with-arch-32=i686 --with-abi=m64 --with-multilib-list=m32,m64,mx32 --enable-multilib --with-tune=generic --enable-offload-targets=nvptx-none=/build/gcc-11-XeT9lY/gcc-11-11.4.0/debian/tmp-nvptx/usr,amdgcn-amdhsa=/build/gcc-11-XeT9lY/gcc-11-11.4.0/debian/tmp-gcn/usr --without-cuda-driver --enable-checking=release --build=x86_64-linux-gnu --host=x86_64-linux-gnu --target=x86_64-linux-gnu --with-build-config=bootstrap-lto-lean --enable-link-serialization=2
Thread model: posix
Supported LTO compression algorithms: zlib zstd
gcc version 11.4.0 (Ubuntu 11.4.0-1ubuntu1~22.04) 
configure:2707: $? = 0
configure:2714: gcc -V >&5
gcc: error: unrecognized command-line option '-V'
gcc: fatal error: no input files
compilation terminated.
configure:2717: $? = 1
configure:2740: checking for C compiler default output file name
configure:2767: gcc    conftest.c  >&5
configure:2770: $? = 0
configure:2816: result: a.out
configure:2821: checking whether the C compiler works
configure:2831: ./a.out
configure:2834: $? = 0
configure:2851: result: yes
configure:2858: checking whether we are cross compiling
configure:2860: result: no
configure:2863: checking for suffix of executables
configure:2870: gcc -o conftest    conftest.c  >&5
configure:2873: $? = 0
configure:2897: result: 
configure:2903: checking for suffix of object files
configure:2929: gcc -c   conftest.c >&5
configure:2932: $? = 0
configure:2955: result: o
configure:2959: checking whether we are using the GNU C compiler
configure:2988: gcc -c   conftest.c >&5
configure:2994: $? = 0
configure:3001: test -z "$ac_c_werror_flag" || test ! -s conftest.err
configure:3004: $? = 0
configure:3011: test -s conftest.o
configure:3014: $? = 0
configure:3028: result: yes
configure:3033: checking whether gcc accepts -g
configure:3063: gcc -c -g  conftest.c >&5
configure:3069: $? = 0
configure:3076: test -z "$ac_c_werror_flag" || test ! -s conftest.err
configure:3079: $? = 0
configure:3086: test -s conftest.o
configure:3089: $? = 0
configure:3219: result: yes
configure:3236: checking for gcc option to accept ISO C89
configure:3310: gcc  -c -g -O2  conftest.c >&5
configure:3316: $? = 0
configure:3323: test -z "$ac_c_werror_flag" || test ! -s conftest.err
configure:3326: $? = 0
configure:3333: test -s conftest.o
configure:3336: $? = 0
configure:3356: result: none needed
configure:3385: checking for style of include used by make
configure:3413: result: GNU
configure:3441: checking dependency style of gcc
configure:3531: result: gcc3
configure:3553: checking how to run the C preprocessor
configure:3593: gcc -E  conftest.c
configure:3599: $? = 0
configure:3637: gcc -E  conftest.c
conftest.c:10:10: fatal error: ac_nonexistent.h: No such file or directory
   10 | #include <ac_nonexistent.h>
      |          ^~~~~~~~~~~~~~~~~~
compilation terminated.
configure:3643: $? = 1
configure: failed program was:
| /* confdefs.h.  */
| #define PACKAGE_NAME ""
| #define PACKAGE_TARNAME ""
| #define PACKAGE_VERSION ""
| #define PACKAGE_STRING ""
| #define PACKAGE_BUGREPORT ""
| #define PACKAGE "fcgi"
| #define VERSION "2.4.1-SNAP-0910052249"
| /* end confdefs.h.  */
| #include <ac_nonexistent.h>
configure:3683: result: gcc -E
configure:3712: gcc -E  conftest.c
configure:3718: $? = 0
configure:3756: gcc -E  conftest.c
conftest.c:10:10: fatal error: ac_nonexistent.h: No such file or directory
   10 | #include <ac_nonexistent.h>
      |          ^~~~~~~~~~~~~~~~~~
compilation terminated.
configure:3762: $? = 1
configure: failed program was:
| /* confdefs.h.  */
| #define PACKAGE_NAME ""
| #define PACKAGE_TARNAME ""
| #define PACKAGE_VERSION ""
| #define PACKAGE_STRING ""
| #define PACKAGE_BUGREPORT ""
| #define PACKAGE "fcgi"
| #define VERSION "2.4.1-SNAP-0910052249"
| /* end confdefs.h.  */
| #include <ac_nonexistent.h>
configure:3819: checking for a BSD-compatible install
configure:3875: result: /usr/bin/install -c
configure:3964: checking build system type
configure:3982: result: x86_64-unknown-linux-gnu
configure:4004: checking host system type
configure:4019: result: x86_64-unknown-linux-gnu
configure:4041: checking for a sed that does not truncate output
configure:4095: result: /usr/bin/sed
configure:4098: checking for grep that handles long lines and -e
configure:4172: result: /usr/bin/grep
configure:4177: checking for egrep
configure:4255: result: /usr/bin/grep -E
configure:4271: checking for ld used by gcc
configure:4338: result: /usr/bin/ld
configure:4347: checking if the linker (/usr/bin/ld) is GNU ld
configure:4362: result: yes
configure:4367: checking for /usr/bin/ld option to reload object files
configure:4374: result: -r
configure:4392: checking for BSD-compatible nm
configure:4441: result: /usr/bin/nm -B
configure:4445: checking whether ln -s works
configure:4449: result: yes
configure:4456: checking how to recognise dependent libraries
configure:4632: result: pass_all
configure:4720: gcc -c -g -O2  conftest.c >&5
configure:4723: $? = 0
configure:4878: checking for ANSI C header files
configure:4908: gcc -c -g -O2  conftest.c >&5
configure:4914: $? = 0
configure:4921: test -z "$ac_c_werror_flag" || test ! -s conftest.err
configure:4924: $? = 0
configure:4931: test -s conftest.o
configure:4934: $? = 0
configure:5030: gcc -o conftest -g -O2   conftest.c  >&5
configure:5033: $? = 0
configure:5039: ./conftest
configure:5042: $? = 0
configure:5059: result: yes
configure:5083: checking for sys/types.h
configure:5104: gcc -c -g -O2  conftest.c >&5
configure:5110: $? = 0
configure:5117: test -z "$ac_c_werror_flag" || test ! -s conftest.err
configure:5120: $? = 0
configure:5127: test -s conftest.o
configure:5130: $? = 0
configure:5143: result: yes
configure:5083: checking for sys/stat.h
configure:5104: gcc -c -g -O2  conftest.c >&5
configure:5110: $? = 0
configure:5117: test -z "$ac_c_werror_flag" || test ! -s conftest.err
configure:5120: $? = 0
configure:5127: test -s conftest.o
configure:5130: $? = 0
configure:5143: result: yes
configure:5083: checking for stdlib.h
configure:5104: gcc -c -g -O2  conftest.c >&5
configure:5110: $? = 0
configure:5117: test -z "$ac_c_werror_flag" || test ! -s conftest.err
configure:5120: $? = 0
configure:5127: test -s conftest.o
configure:5130: $? = 0
configure:5143: result: yes
configure:5083: checking for string.h
configure:5104: gcc -c -g -O2  conftest.c >&5
configure:5110: $? = 0
configure:5117: test -z "$ac_c_werror_flag" || test ! -s conftest.err
configure:5120: $? = 0
configure:5127: test -s conftest.o
configure:5130: $? = 0
configure:5143: result: yes
configure:5083: checking for memory.h
configure:5104: gcc -c -g -O2  conftest.c >&5
configure:5110: $? = 0
configure:5117: test -z "$ac_c_werror_flag" || test ! -s conftest.err
configure:5120: $? = 0
configure:5127: test -s conftest.o
configure:5130: $? = 0
configure:5143: result: yes
configure:5083: checking for strings.h
configure:5104: gcc -c -g -O2  conftest.c >&5
configure:5110: $? = 0
configure:5117: test -z "$ac_c_werror_flag" || test ! -s conftest.err
configure:5120: $? = 0
configure:5127: test -s conftest.o
configure:5130: $? = 0
configure:5143: result: yes
configure:5083: checking for inttypes.h
configure:5104: gcc -c -g -O2  conftest.c >&5
configure:5110: $? = 0
configure:5117: test -z "$ac_c_werror_flag" || test ! -s conftest.err
configure:5120: $? = 0
configure:5127: test -s conftest.o
configure:5130: $? = 0
configure:5143: result: yes
configure:5083: checking for stdint.h
configure:5104: gcc -c -g -O2  conftest.c >&5
configure:5110: $? = 0
configure:5117: test -z "$ac_c_werror_flag" || test ! -s conftest.err
configure:5120: $? = 0
configure:5127: test -s conftest.o
configure:5130: $? = 0
configure:5143: result: yes
configure:5083: checking for unistd.h
configure:5104: gcc -c -g -O2  conftest.c >&5
configure:5110: $? = 0
configure:5117: test -z "$ac_c_werror_flag" || test ! -s conftest.err
configure:5120: $? = 0
configure:5127: test -s conftest.o
configure:5130: $? = 0
configure:5143: result: yes
configure:5170: checking dlfcn.h usability
configure:5187: gcc -c -g -O2  conftest.c >&5
configure:5193: $? = 0
configure:5200: test -z "$ac_c_werror_flag" || test ! -s conftest.err
configure:5203: $? = 0
configure:5210: test -s conftest.o
configure:5213: $? = 0
configure:5224: result: yes
configure:5228: checking dlfcn.h presence
configure:5243: gcc -E  conftest.c
configure:5249: $? = 0
configure:5270: result: yes
configure:5298: checking for dlfcn.h
configure:5306: result: yes
configure:5377: checking for g++
configure:5393: found /usr/bin/g++
configure:5404: result: g++
configure:5435: checking for C++ compiler version
configure:5442: g++ --version >&5
g++ (Ubuntu 11.4.0-1ubuntu1~22.04) 11.4.0
Copyright (C) 2021 Free Software Foundation, Inc.
This is free software; see the source for copying conditions.  There is NO
warranty; not even for MERCHANTABILITY or FITNESS FOR A PARTICULAR PURPOSE.

configure:5445: $? = 0
configure:5452: g++ -v >&5
Using built-in specs.
COLLECT_GCC=g++
COLLECT_LTO_WRAPPER=/usr/lib/gcc/x86_64-linux-gnu/11/lto-wrapper
OFFLOAD_TARGET_NAMES=nvptx-none:amdgcn-amdhsa
OFFLOAD_TARGET_DEFAULT=1
Target: x86_64-linux-gnu
Configured with: ../src/configure -v --with-pkgversion='Ubuntu 11.4.0-1ubuntu1~22.04' --with-bugurl=file:///usr/share/doc/gcc-11/README.Bugs --enable-languages=c,ada,c++,go,brig,d,fortran,objc,obj-c++,m2 --prefix=/usr --with-gcc-major-version-only --program-suffix=-11 --program-prefix=x86_64-linux-gnu- --enable-shared --enable-linker-build-id --libexecdir=/usr/lib --without-included-gettext --enable-threads=posix --libdir=/usr/lib --enable-nls --enable-bootstrap --enable-clocale=gnu --enable-libstdcxx-debug --enable-libstdcxx-time=yes --with-default-libstdcxx-abi=new --enable-gnu-unique-object --disable-vtable-verify --enable-plugin --enable-default-pie --with-system-zlib --enable-libphobos-checking=release --with-target-system-zlib=auto --enable-objc-gc=auto --enable-multiarch --disable-werror --enable-cet --with-arch-32=i686 --with-abi=m64 --with-multilib-list=m32,m64,mx32 --enable-multilib --with-tune=generic --enable-offload-targets=nvptx-none=/build/gcc-11-XeT9lY/gcc-11-11.4.0/debian/tmp-nvptx/usr,amdgcn-amdhsa=/build/gcc-11-XeT9lY/gcc-11-11.4.0/debian/tmp-gcn/usr --without-cuda-driver --enable-checking=release --build=x86_64-linux-gnu --host=x86_64-linux-gnu --target=x86_64-linux-gnu --with-build-config=bootstrap-lto-lean --enable-link-serialization=2
Thread model: posix
Supported LTO compression algorithms: zlib zstd
gcc version 11.4.0 (Ubuntu 11.4.0-1ubuntu1~22.04) 
configure:5455: $? = 0
configure:5462: g++ -V >&5
g++: error: unrecognized command-line option '-V'
g++: fatal error: no input files
compilation terminated.
configure:5465: $? = 1
configure:5468: checking whether we are using the GNU C++ compiler
configure:5497: g++ -c   conftest.cpp >&5
configure:5503: $? = 0
configure:5510: test -z "$ac_cxx_werror_flag" || test ! -s conftest.err
configure:5513: $? = 0
configure:5520: test -s conftest.o
configure:5523: $? = 0
configure:5537: result: yes
configure:5542: checking whether g++ accepts -g
configure:5572: g++ -c -g  conftest.cpp >&5
configure:5578: $? = 0
configure:5585: test -z "$ac_cxx_werror_flag" || test ! -s conftest.err
configure:5588: $? = 0
configure:5595: test -s conftest.o
configure:5598: $? = 0
configure:5728: result: yes
configure:5753: checking dependency style of g++
configure:5843: result: gcc3
configure:5870: checking how to run the C++ preprocessor
configure:5906: g++ -E  conftest.cpp
configure:5912: $? = 0
configure:5950: g++ -E  conftest.cpp
conftest.cpp:21:10: fatal error: ac_nonexistent.h: No such file or directory
   21 | #include <ac_nonexistent.h>
      |          ^~~~~~~~~~~~~~~~~~
compilation terminated.
configure:5956: $? = 1
configure: failed program was:
| /* confdefs.h.  */
| #define PACKAGE_NAME ""
| #define PACKAGE_TARNAME ""
| #define PACKAGE_VERSION ""
| #define PACKAGE_STRING ""
| #define PACKAGE_BUGREPORT ""
| #define PACKAGE "fcgi"
| #define VERSION "2.4.1-SNAP-0910052249"
| #define STDC_HEADERS 1
| #define HAVE_SYS_TYPES_H 1
| #define HAVE_SYS_STAT_H 1
| #define HAVE_STDLIB_H 1
| #define HAVE_STRING_H 1
| #define HAVE_MEMORY_H 1
| #define HAVE_STRINGS_H 1
| #define HAVE_INTTYPES_H 1
| #define HAVE_STDINT_H 1
| #define HAVE_UNISTD_H 1
| #define HAVE_DLFCN_H 1
| /* end confdefs.h.  */
| #include <ac_nonexistent.h>
configure:5996: result: g++ -E
configure:6025: g++ -E  conftest.cpp
configure:6031: $? = 0
configure:6069: g++ -E  conftest.cpp
conftest.cpp:21:10: fatal error: ac_nonexistent.h: No such file or directory
   21 | #include <ac_nonexistent.h>
      |          ^~~~~~~~~~~~~~~~~~
compilation terminated.
configure:6075: $? = 1
configure: failed program was:
| /* confdefs.h.  */
| #define PACKAGE_NAME ""
| #define PACKAGE_TARNAME ""
| #define PACKAGE_VERSION ""
| #define PACKAGE_STRING ""
| #define PACKAGE_BUGREPORT ""
| #define PACKAGE "fcgi"
| #define VERSION "2.4.1-SNAP-0910052249"
| #define STDC_HEADERS 1
| #define HAVE_SYS_TYPES_H 1
| #define HAVE_SYS_STAT_H 1
| #define HAVE_STDLIB_H 1
| #define HAVE_STRING_H 1
| #define HAVE_MEMORY_H 1
| #define HAVE_STRINGS_H 1
| #define HAVE_INTTYPES_H 1
| #define HAVE_STDINT_H 1
| #define HAVE_UNISTD_H 1
| #define HAVE_DLFCN_H 1
| /* end confdefs.h.  */
| #include <ac_nonexistent.h>
configure:6175: checking for g77
configure:6205: result: no
configure:6175: checking for f77
configure:6205: result: no
configure:6175: checking for xlf
configure:6205: result: no
configure:6175: checking for frt
configure:6205: result: no
configure:6175: checking for pgf77
configure:6205: result: no
configure:6175: checking for cf77
configure:6205: result: no
configure:6175: checking for fort77
configure:6205: result: no
configure:6175: checking for fl32
configure:6205: result: no
configure:6175: checking for af77
configure:6205: result: no
configure:6175: checking for f90
configure:6205: result: no
configure:6175: checking for xlf90
configure:6205: result: no
configure:6175: checking for pgf90
configure:6205: result: no
configure:6175: checking for pghpf
configure:6205: result: no
configure:6175: checking for epcf90
configure:6205: result: no
configure:6175: checking for gfortran
configure:6205: result: no
configure:6175: checking for g95
configure:6205: result: no
configure:6175: checking for f95
configure:6205: result: no
configure:6175: checking for fort
configure:6205: result: no
configure:6175: checking for xlf95
configure:6205: result: no
configure:6175: checking for ifort
configure:6205: result: no
configure:6175: checking for ifc
configure:6205: result: no
configure:6175: checking for efc
configure:6205: result: no
configure:6175: checking for pgf95
configure:6205: result: no
configure:6175: checking for lf95
configure:6205: result: no
configure:6175: checking for ftn
configure:6205: result: no
configure:6232: checking for Fortran 77 compiler version
configure:6239:  --version >&5
./configure: line 6240: --version: command not found
configure:6242: $? = 127
configure:6249:  -v >&5
./configure: line 6250: -v: command not found
configure:6252: $? = 127
configure:6259:  -V >&5
./configure: line 6260: -V: command not found
configure:6262: $? = 127
configure:6270: checking whether we are using the GNU Fortran 77 compiler
configure:6289:  -c  conftest.F >&5
./configure: line 6290: -c: command not found
configure:6295: $? = 127
configure: failed program was:
|       program main
| #ifndef __GNUC__
|        choke me
| #endif
| 
|       end
configure:6329: result: no
configure:6335: checking whether  accepts -g
configure:6352:  -c -g conftest.f >&5
./configure: line 6353: -c: command not found
configure:6358: $? = 127
configure: failed program was:
|       program main
| 
|       end
configure:6391: result: no
configure:6421: checking the maximum length of command line arguments
configure:6530: result: 32768
configure:6541: checking command to parse /usr/bin/nm -B output from gcc object
configure:6646: gcc -c -g -O2  conftest.c >&5
configure:6649: $? = 0
configure:6653: /usr/bin/nm -B conftest.o \| sed -n -e 's/^.*[ 	]\([ABCDGIRSTW][ABCDGIRSTW]*\)[ 	][ 	]*\([_A-Za-z][_A-Za-z0-9]*\)$/\1 \2 \2/p' \> conftest.nm
configure:6656: $? = 0
configure:6708: gcc -o conftest -g -O2   conftest.c conftstm.o >&5
configure:6711: $? = 0
configure:6749: result: ok
configure:6753: checking for objdir
configure:6768: result: .libs
configure:6860: checking for ar
configure:6876: found /usr/bin/ar
configure:6887: result: ar
configure:6956: checking for ranlib
configure:6972: found /usr/bin/ranlib
configure:6983: result: ranlib
configure:7052: checking for strip
configure:7068: found /usr/bin/strip
configure:7079: result: strip
configure:7365: checking if gcc supports -fno-rtti -fno-exceptions
configure:7383: gcc -c -g -O2  -fno-rtti -fno-exceptions conftest.c >&5
cc1: warning: command-line option '-fno-rtti' is valid for C++/D/ObjC++ but not for C
configure:7387: $? = 0
configure:7400: result: no
configure:7415: checking for gcc option to produce PIC
configure:7625: result: -fPIC
configure:7633: checking if gcc PIC flag -fPIC works
configure:7651: gcc -c -g -O2  -fPIC -DPIC conftest.c >&5
configure:7655: $? = 0
configure:7668: result: yes
configure:7696: checking if gcc static flag -static works
configure:7724: result: yes
configure:7734: checking if gcc supports -c -o file.o
configure:7755: gcc -c -g -O2  -o out/conftest2.o conftest.c >&5
configure:7759: $? = 0
configure:7781: result: yes
configure:7807: checking whether the gcc linker (/usr/bin/ld -m elf_x86_64) supports shared libraries
configure:8793: result: yes
configure:8814: checking whether -lc should be explicitly linked in
configure:8819: gcc -c -g -O2  conftest.c >&5
configure:8822: $? = 0
configure:8837: gcc -shared conftest.o  -v -Wl,-soname -Wl,conftest -o conftest 2\>\&1 \| grep  -lc  \>/dev/null 2\>\&1
configure:8840: $? = 0
configure:8852: result: no
configure:8860: checking dynamic linker characteristics
configure:9448: result: GNU/Linux ld.so
configure:9457: checking how to hardcode library paths into programs
configure:9482: result: immediate
configure:9496: checking whether stripping libraries is possible
configure:9501: result: yes
configure:10414: checking if libtool supports shared libraries
configure:10416: result: yes
configure:10419: checking whether to build shared libraries
configure:10440: result: yes
configure:10443: checking whether to build static libraries
configure:10447: result: yes
configure:10539: creating libtool
configure:11127: checking for ld used by g++
configure:11194: result: /usr/bin/ld -m elf_x86_64
configure:11203: checking if the linker (/usr/bin/ld -m elf_x86_64) is GNU ld
configure:11218: result: yes
configure:11269: checking whether the g++ linker (/usr/bin/ld -m elf_x86_64) supports shared libraries
configure:12235: result: yes
configure:12253: g++ -c -g -O2  conftest.cpp >&5
configure:12256: $? = 0
configure:12375: checking for g++ option to produce PIC
configure:12649: result: -fPIC
configure:12657: checking if g++ PIC flag -fPIC works
configure:12675: g++ -c -g -O2  -fPIC -DPIC conftest.cpp >&5
configure:12679: $? = 0
configure:12692: result: yes
configure:12720: checking if g++ static flag -static works
configure:12748: result: yes
configure:12758: checking if g++ supports -c -o file.o
configure:12779: g++ -c -g -O2  -o out/conftest2.o conftest.cpp >&5
configure:12783: $? = 0
configure:12805: result: yes
configure:12831: checking whether the g++ linker (/usr/bin/ld -m elf_x86_64) supports shared libraries
configure:12856: result: yes
configure:12923: checking dynamic linker characteristics
configure:13511: result: GNU/Linux ld.so
configure:13520: checking how to hardcode library paths into programs
configure:13545: result: immediate
configure:19866: checking for C++ compiler version
configure:19873: g++ --version >&5
g++ (Ubuntu 11.4.0-1ubuntu1~22.04) 11.4.0
Copyright (C) 2021 Free Software Foundation, Inc.
This is free software; see the source for copying conditions.  There is NO
warranty; not even for MERCHANTABILITY or FITNESS FOR A PARTICULAR PURPOSE.

configure:19876: $? = 0
configure:19883: g++ -v >&5
Using built-in specs.
COLLECT_GCC=g++
COLLECT_LTO_WRAPPER=/usr/lib/gcc/x86_64-linux-gnu/11/lto-wrapper
OFFLOAD_TARGET_NAMES=nvptx-none:amdgcn-amdhsa
OFFLOAD_TARGET_DEFAULT=1
Target: x86_64-linux-gnu
Configured with: ../src/configure -v --with-pkgversion='Ubuntu 11.4.0-1ubuntu1~22.04' --with-bugurl=file:///usr/share/doc/gcc-11/README.Bugs --enable-languages=c,ada,c++,go,brig,d,fortran,objc,obj-c++,m2 --prefix=/usr --with-gcc-major-version-only --program-suffix=-11 --program-prefix=x86_64-linux-gnu- --enable-shared --enable-linker-build-id --libexecdir=/usr/lib --without-included-gettext --enable-threads=posix --libdir=/usr/lib --enable-nls --enable-bootstrap --enable-clocale=gnu --enable-libstdcxx-debug --enable-libstdcxx-time=yes --with-default-libstdcxx-abi=new --enable-gnu-unique-object --disable-vtable-verify --enable-plugin --enable-default-pie --with-system-zlib --enable-libphobos-checking=release --with-target-system-zlib=auto --enable-objc-gc=auto --enable-multiarch --disable-werror --enable-cet --with-arch-32=i686 --with-abi=m64 --with-multilib-list=m32,m64,mx32 --enable-multilib --with-tune=generic --enable-offload-targets=nvptx-none=/build/gcc-11-XeT9lY/gcc-11-11.4.0/debian/tmp-nvptx/usr,amdgcn-amdhsa=/build/gcc-11-XeT9lY/gcc-11-11.4.0/debian/tmp-gcn/usr --without-cuda-driver --enable-checking=release --build=x86_64-linux-gnu --host=x86_64-linux-gnu --target=x86_64-linux-gnu --with-build-config=bootstrap-lto-lean --enable-link-serialization=2
Thread model: posix
Supported LTO compression algorithms: zlib zstd
gcc version 11.4.0 (Ubuntu 11.4.0-1ubuntu1~22.04) 
configure:19886: $? = 0
configure:19893: g++ -V >&5
g++: error: unrecognized command-line option '-V'
g++: fatal error: no input files
compilation terminated.
configure:19896: $? = 1
configure:19899: checking whether we are using the GNU C++ compiler
configure:19968: result: yes
configure:19973: checking whether g++ accepts -g
configure:20159: result: yes
configure:20184: checking dependency style of g++
configure:20274: result: gcc3
configure:20299: checking whether g++ works
configure:20322: g++ -c -g -O2  conftest.cpp >&5
configure:20328: $? = 0
configure:20335: test -z "$ac_cxx_werror_flag" || test ! -s conftest.err
configure:20338: $? = 0
configure:20345: test -s conftest.o
configure:20348: $? = 0
configure:20350: result: yes
configure:20354: checking whether cin has a streambuf assignment operator
configure:20377: g++ -c -g -O2  conftest.cpp >&5
conftest.cpp: In function 'int main()':
conftest.cpp:25:1: error: 'cin' was not declared in this scope; did you mean 'std::cin'?
   25 | cin = static_cast<streambuf *>(0);
      | ^~~
      | std::cin
In file included from conftest.cpp:21:
/usr/include/c++/11/iostream:60:18: note: 'std::cin' declared here
   60 |   extern istream cin;           /// Linked to standard input
      |                  ^~~
conftest.cpp:25:19: error: 'streambuf' does not name a type
   25 | cin = static_cast<streambuf *>(0);
      |                   ^~~~~~~~~
conftest.cpp:25:29: error: expected '>' before '*' token
   25 | cin = static_cast<streambuf *>(0);
      |                             ^
conftest.cpp:25:29: error: expected '(' before '*' token
   25 | cin = static_cast<streambuf *>(0);
      |                             ^
      |                             (
conftest.cpp:25:30: error: expected primary-expression before '>' token
   25 | cin = static_cast<streambuf *>(0);
      |                              ^
conftest.cpp:25:34: error: expected ')' before ';' token
   25 | cin = static_cast<streambuf *>(0);
      |                                  ^
      |                                  )
configure:20383: $? = 1
configure: failed program was:
| /* confdefs.h.  */
| #define PACKAGE_NAME ""
| #define PACKAGE_TARNAME ""
| #define PACKAGE_VERSION ""
| #define PACKAGE_STRING ""
| #define PACKAGE_BUGREPORT ""
| #define PACKAGE "fcgi"
| #define VERSION "2.4.1-SNAP-0910052249"
| #define STDC_HEADERS 1
| #define HAVE_SYS_TYPES_H 1
| #define HAVE_SYS_STAT_H 1
| #define HAVE_STDLIB_H 1
| #define HAVE_STRING_H 1
| #define HAVE_MEMORY_H 1
| #define HAVE_STRINGS_H 1
| #define HAVE_INTTYPES_H 1
| #define HAVE_STDINT_H 1
| #define HAVE_UNISTD_H 1
| #define HAVE_DLFCN_H 1
| /* end confdefs.h.  */
| #include <iostream>
| int
| main ()
| {
| cin = static_cast<streambuf *>(0);
|   ;
|   return 0;
| }
configure:20416: result: no
configure:20421: checking whether char_type is defined in the context of streambuf
configure:20444: g++ -c -g -O2  conftest.cpp >&5
configure:20450: $? = 0
configure:20457: test -z "$ac_cxx_werror_flag" || test ! -s conftest.err
configure:20460: $? = 0
configure:20467: test -s conftest.o
configure:20470: $? = 0
configure:20472: result: yes
configure:20508: checking for gethostbyname in -lnsl
configure:20543: gcc -o conftest -g -O2   conftest.c -lnsl   >&5
configure:20549: $? = 0
configure:20556: test -z "$ac_c_werror_flag" || test ! -s conftest.err
configure:20559: $? = 0
configure:20566: test -s conftest
configure:20569: $? = 0
configure:20583: result: yes
configure:20595: checking for socket in -lsocket
configure:20630: gcc -o conftest -g -O2   conftest.c -lsocket  -lnsl  >&5
/usr/bin/ld: cannot find -lsocket: No such file or directory
collect2: error: ld returned 1 exit status
configure:20636: $? = 1
configure: failed program was:
| /* confdefs.h.  */
| #define PACKAGE_NAME ""
| #define PACKAGE_TARNAME ""
| #define PACKAGE_VERSION ""
| #define PACKAGE_STRING ""
| #define PACKAGE_BUGREPORT ""
| #define PACKAGE "fcgi"
| #define VERSION "2.4.1-SNAP-0910052249"
| #define STDC_HEADERS 1
| #define HAVE_SYS_TYPES_H 1
| #define HAVE_SYS_STAT_H 1
| #define HAVE_STDLIB_H 1
| #define HAVE_STRING_H 1
| #define HAVE_MEMORY_H 1
| #define HAVE_STRINGS_H 1
| #define HAVE_INTTYPES_H 1
| #define HAVE_STDINT_H 1
| #define HAVE_UNISTD_H 1
| #define HAVE_DLFCN_H 1
| #define HAVE_STREAMBUF_CHAR_TYPE 1
| #define HAVE_LIBNSL 1
| /* end confdefs.h.  */
| 
| /* Override any GCC internal prototype to avoid an error.
|    Use char because int might match the return type of a GCC
|    builtin and then its argument prototype would still apply.  */
| #ifdef __cplusplus
| extern "C"
| #endif
| char socket ();
| int
| main ()
| {
| return socket ();
|   ;
|   return 0;
| }
configure:20670: result: no
configure:20698: checking pthread.h usability
configure:20715: gcc -c -g -O2  conftest.c >&5
configure:20721: $? = 0
configure:20728: test -z "$ac_c_werror_flag" || test ! -s conftest.err
configure:20731: $? = 0
configure:20738: test -s conftest.o
configure:20741: $? = 0
configure:20752: result: yes
configure:20756: checking pthread.h presence
configure:20771: gcc -E  conftest.c
configure:20777: $? = 0
configure:20798: result: yes
configure:20826: checking for pthread.h
configure:20833: result: yes
configure:20991: checking for the pthreads library -lpthreads
configure:21034: gcc -o conftest -g -O2    conftest.c -lpthreads -lnsl  >&5
conftest.c: In function 'main':
conftest.c:28:22: warning: argument 1 null where non-null expected [-Wnonnull]
   28 |                      pthread_attr_init(0); pthread_cleanup_push(0, 0);
      |                      ^~~~~~~~~~~~~~~~~
In file included from conftest.c:23:
/usr/include/pthread.h:285:12: note: in a call to function 'pthread_attr_init' declared 'nonnull'
  285 | extern int pthread_attr_init (pthread_attr_t *__attr) __THROW __nonnull ((1));
      |            ^~~~~~~~~~~~~~~~~
conftest.c:29:22: warning: argument 1 null where non-null expected [-Wnonnull]
   29 |                      pthread_create(0,0,0,0); pthread_cleanup_pop(0);
      |                      ^~~~~~~~~~~~~~
In file included from conftest.c:23:
/usr/include/pthread.h:202:12: note: in a call to function 'pthread_create' declared 'nonnull'
  202 | extern int pthread_create (pthread_t *__restrict __newthread,
      |            ^~~~~~~~~~~~~~
conftest.c:29:22: warning: argument 3 null where non-null expected [-Wnonnull]
   29 |                      pthread_create(0,0,0,0); pthread_cleanup_pop(0);
      |                      ^~~~~~~~~~~~~~
In file included from conftest.c:23:
/usr/include/pthread.h:202:12: note: in a call to function 'pthread_create' declared 'nonnull'
  202 | extern int pthread_create (pthread_t *__restrict __newthread,
      |            ^~~~~~~~~~~~~~
/usr/bin/ld: cannot find -lpthreads: No such file or directory
collect2: error: ld returned 1 exit status
configure:21040: $? = 1
configure: failed program was:
| /* confdefs.h.  */
| #define PACKAGE_NAME ""
| #define PACKAGE_TARNAME ""
| #define PACKAGE_VERSION ""
| #define PACKAGE_STRING ""
| #define PACKAGE_BUGREPORT ""
| #define PACKAGE "fcgi"
| #define VERSION "2.4.1-SNAP-0910052249"
| #define STDC_HEADERS 1
| #define HAVE_SYS_TYPES_H 1
| #define HAVE_SYS_STAT_H 1
| #define HAVE_STDLIB_H 1
| #define HAVE_STRING_H 1
| #define HAVE_MEMORY_H 1
| #define HAVE_STRINGS_H 1
| #define HAVE_INTTYPES_H 1
| #define HAVE_STDINT_H 1
| #define HAVE_UNISTD_H 1
| #define HAVE_DLFCN_H 1
| #define HAVE_STREAMBUF_CHAR_TYPE 1
| #define HAVE_LIBNSL 1
| /* end confdefs.h.  */
| #include <pthread.h>
| int
| main ()
| {
| pthread_t th; pthread_join(th, 0);
|                      pthread_attr_init(0); pthread_cleanup_push(0, 0);
|                      pthread_create(0,0,0,0); pthread_cleanup_pop(0);
|   ;
|   return 0;
| }
configure:21076: result: no
configure:20980: checking whether pthreads work without any flags
configure:21034: gcc -o conftest -g -O2    conftest.c  -lnsl  >&5
conftest.c: In function 'main':
conftest.c:28:22: warning: argument 1 null where non-null expected [-Wnonnull]
   28 |                      pthread_attr_init(0); pthread_cleanup_push(0, 0);
      |                      ^~~~~~~~~~~~~~~~~
In file included from conftest.c:23:
/usr/include/pthread.h:285:12: note: in a call to function 'pthread_attr_init' declared 'nonnull'
  285 | extern int pthread_attr_init (pthread_attr_t *__attr) __THROW __nonnull ((1));
      |            ^~~~~~~~~~~~~~~~~
conftest.c:29:22: warning: argument 1 null where non-null expected [-Wnonnull]
   29 |                      pthread_create(0,0,0,0); pthread_cleanup_pop(0);
      |                      ^~~~~~~~~~~~~~
In file included from conftest.c:23:
/usr/include/pthread.h:202:12: note: in a call to function 'pthread_create' declared 'nonnull'
  202 | extern int pthread_create (pthread_t *__restrict __newthread,
      |            ^~~~~~~~~~~~~~
conftest.c:29:22: warning: argument 3 null where non-null expected [-Wnonnull]
   29 |                      pthread_create(0,0,0,0); pthread_cleanup_pop(0);
      |                      ^~~~~~~~~~~~~~
In file included from conftest.c:23:
/usr/include/pthread.h:202:12: note: in a call to function 'pthread_create' declared 'nonnull'
  202 | extern int pthread_create (pthread_t *__restrict __newthread,
      |            ^~~~~~~~~~~~~~
configure:21040: $? = 0
configure:21047: test -z "$ac_c_werror_flag" || test ! -s conftest.err
configure:21050: $? = 0
configure:21057: test -s conftest
configure:21060: $? = 0
configure:21076: result: yes
configure:21096: checking for joinable pthread attribute
configure:21119: gcc -o conftest -g -O2    conftest.c  -lnsl  >&5
configure:21125: $? = 0
configure:21132: test -z "$ac_c_werror_flag" || test ! -s conftest.err
configure:21135: $? = 0
configure:21142: test -s conftest
configure:21145: $? = 0
configure:21225: result: PTHREAD_CREATE_JOINABLE
configure:21232: checking if more special flags are required for pthreads
configure:21239: result: no
configure:21251: checking for cc_r
configure:21279: result: gcc
configure:21308: checking for ssize_t
configure:21338: gcc -c -g -O2  conftest.c >&5
configure:21344: $? = 0
configure:21351: test -z "$ac_c_werror_flag" || test ! -s conftest.err
configure:21354: $? = 0
configure:21361: test -s conftest.o
configure:21364: $? = 0
configure:21376: result: yes
configure:21389: checking for sun_len in sys/un.h
configure:21410: result: no
configure:21416: checking for fpos_t in stdio.h
configure:21429: result: yes
configure:21461: checking sys/socket.h usability
configure:21478: gcc -c -g -O2  conftest.c >&5
configure:21484: $? = 0
configure:21491: test -z "$ac_c_werror_flag" || test ! -s conftest.err
configure:21494: $? = 0
configure:21501: test -s conftest.o
configure:21504: $? = 0
configure:21515: result: yes
configure:21519: checking sys/socket.h presence
configure:21534: gcc -E  conftest.c
configure:21540: $? = 0
configure:21561: result: yes
configure:21589: checking for sys/socket.h
configure:21597: result: yes
configure:21461: checking netdb.h usability
configure:21478: gcc -c -g -O2  conftest.c >&5
configure:21484: $? = 0
configure:21491: test -z "$ac_c_werror_flag" || test ! -s conftest.err
configure:21494: $? = 0
configure:21501: test -s conftest.o
configure:21504: $? = 0
configure:21515: result: yes
configure:21519: checking netdb.h presence
configure:21534: gcc -E  conftest.c
configure:21540: $? = 0
configure:21561: result: yes
configure:21589: checking for netdb.h
configure:21597: result: yes
configure:21461: checking netinet/in.h usability
configure:21478: gcc -c -g -O2  conftest.c >&5
configure:21484: $? = 0
configure:21491: test -z "$ac_c_werror_flag" || test ! -s conftest.err
configure:21494: $? = 0
configure:21501: test -s conftest.o
configure:21504: $? = 0
configure:21515: result: yes
configure:21519: checking netinet/in.h presence
configure:21534: gcc -E  conftest.c
configure:21540: $? = 0
configure:21561: result: yes
configure:21589: checking for netinet/in.h
configure:21597: result: yes
configure:21461: checking arpa/inet.h usability
configure:21478: gcc -c -g -O2  conftest.c >&5
configure:21484: $? = 0
configure:21491: test -z "$ac_c_werror_flag" || test ! -s conftest.err
configure:21494: $? = 0
configure:21501: test -s conftest.o
configure:21504: $? = 0
configure:21515: result: yes
configure:21519: checking arpa/inet.h presence
configure:21534: gcc -E  conftest.c
configure:21540: $? = 0
configure:21561: result: yes
configure:21589: checking for arpa/inet.h
configure:21597: result: yes
configure:21628: checking sys/time.h usability
configure:21645: gcc -c -g -O2  conftest.c >&5
configure:21651: $? = 0
configure:21658: test -z "$ac_c_werror_flag" || test ! -s conftest.err
configure:21661: $? = 0
configure:21668: test -s conftest.o
configure:21671: $? = 0
configure:21682: result: yes
configure:21686: checking sys/time.h presence
configure:21701: gcc -E  conftest.c
configure:21707: $? = 0
configure:21728: result: yes
configure:21756: checking for sys/time.h
configure:21764: result: yes
configure:21628: checking limits.h usability
configure:21645: gcc -c -g -O2  conftest.c >&5
configure:21651: $? = 0
configure:21658: test -z "$ac_c_werror_flag" || test ! -s conftest.err
configure:21661: $? = 0
configure:21668: test -s conftest.o
configure:21671: $? = 0
configure:21682: result: yes
configure:21686: checking limits.h presence
configure:21701: gcc -E  conftest.c
configure:21707: $? = 0
configure:21728: result: yes
configure:21756: checking for limits.h
configure:21764: result: yes
configure:21628: checking sys/param.h usability
configure:21645: gcc -c -g -O2  conftest.c >&5
configure:21651: $? = 0
configure:21658: test -z "$ac_c_werror_flag" || test ! -s conftest.err
configure:21661: $? = 0
configure:21668: test -s conftest.o
configure:21671: $? = 0
configure:21682: result: yes
configure:21686: checking sys/param.h presence
configure:21701: gcc -E  conftest.c
configure:21707: $? = 0
configure:21728: result: yes
configure:21756: checking for sys/param.h
configure:21764: result: yes
configure:21618: checking for unistd.h
configure:21624: result: yes
configure:21778: checking for a fileno() prototype in stdio.h
configure:21791: result: yes
configure:21837: checking whether cross-process locking is required by accept()
configure:21850: result: no
configure:21859: checking whether va_arg(arg, long double) crashes the compiler
configure:21882: gcc -c -g -O2  conftest.c >&5
configure:21888: $? = 0
configure:21895: test -z "$ac_c_werror_flag" || test ! -s conftest.err
configure:21898: $? = 0
configure:21905: test -s conftest.o
configure:21908: $? = 0
configure:21910: result: no
configure:21927: checking for an ANSI C-conforming const
configure:22002: gcc -c -g -O2  conftest.c >&5
configure:22008: $? = 0
configure:22015: test -z "$ac_c_werror_flag" || test ! -s conftest.err
configure:22018: $? = 0
configure:22025: test -s conftest.o
configure:22028: $? = 0
configure:22040: result: yes
configure:22056: checking for strerror
configure:22112: gcc -o conftest -g -O2   conftest.c -lnsl  >&5
configure:22118: $? = 0
configure:22125: test -z "$ac_c_werror_flag" || test ! -s conftest.err
configure:22128: $? = 0
configure:22135: test -s conftest
configure:22138: $? = 0
configure:22152: result: yes
configure:22171: checking for inline
configure:22197: gcc -c -g -O2  conftest.c >&5
configure:22203: $? = 0
configure:22210: test -z "$ac_c_werror_flag" || test ! -s conftest.err
configure:22213: $? = 0
configure:22220: test -s conftest.o
configure:22223: $? = 0
configure:22238: result: inline
configure:22274: checking for C compiler warning flags
configure:22346: result: -Wall
configure:22473: creating ./config.status

## ---------------------- ##
## Running config.status. ##
## ---------------------- ##

This file was extended by config.status, which was
generated by GNU Autoconf 2.60.  Invocation command line was

  CONFIG_FILES    = 
  CONFIG_HEADERS  = 
  CONFIG_LINKS    = 
  CONFIG_COMMANDS = 
  $ ./config.status 

on DESKTOP-H7HTQP5

config.status:657: creating Makefile
config.status:657: creating cgi-fcgi/Makefile
config.status:657: creating include/Makefile
config.status:657: creating libfcgi/Makefile
config.status:657: creating examples/Makefile
config.status:657: creating fcgi_config.h
config.status:937: executing depfiles commands

## ---------------- ##
## Cache variables. ##
## ---------------- ##

ac_cv_build=x86_64-unknown-linux-gnu
ac_cv_c_compiler_gnu=yes
ac_cv_c_const=yes
ac_cv_c_inline=inline
ac_cv_cxx_compiler_gnu=yes
ac_cv_env_CCC_set=
ac_cv_env_CCC_value=
ac_cv_env_CC_set=
ac_cv_env_CC_value=
ac_cv_env_CFLAGS_set=
ac_cv_env_CFLAGS_value=
ac_cv_env_CPPFLAGS_set=
ac_cv_env_CPPFLAGS_value=
ac_cv_env_CPP_set=
ac_cv_env_CPP_value=
ac_cv_env_CXXCPP_set=
ac_cv_env_CXXCPP_value=
ac_cv_env_CXXFLAGS_set=
ac_cv_env_CXXFLAGS_value=
ac_cv_env_CXX_set=
ac_cv_env_CXX_value=
ac_cv_env_F77_set=
ac_cv_env_F77_value=
ac_cv_env_FFLAGS_set=
ac_cv_env_FFLAGS_value=
ac_cv_env_LDFLAGS_set=
ac_cv_env_LDFLAGS_value=
ac_cv_env_build_alias_set=
ac_cv_env_build_alias_value=
ac_cv_env_host_alias_set=
ac_cv_env_host_alias_value=
ac_cv_env_target_alias_set=
ac_cv_env_target_alias_value=
ac_cv_f77_compiler_gnu=no
ac_cv_func_strerror=yes
ac_cv_header_arpa_inet_h=yes
ac_cv_header_dlfcn_h=yes
ac_cv_header_inttypes_h=yes
ac_cv_header_limits_h=yes
ac_cv_header_memory_h=yes
ac_cv_header_netdb_h=yes
ac_cv_header_netinet_in_h=yes
ac_cv_header_pthread_h=yes
ac_cv_header_stdc=yes
ac_cv_header_stdint_h=yes
ac_cv_header_stdlib_h=yes
ac_cv_header_string_h=yes
ac_cv_header_strings_h=yes
ac_cv_header_sys_param_h=yes
ac_cv_header_sys_socket_h=yes
ac_cv_header_sys_stat_h=yes
ac_cv_header_sys_time_h=yes
ac_cv_header_sys_types_h=yes
ac_cv_header_unistd_h=yes
ac_cv_host=x86_64-unknown-linux-gnu
ac_cv_lib_nsl_gethostbyname=yes
ac_cv_lib_socket_socket=no
ac_cv_objext=o
ac_cv_path_EGREP='/usr/bin/grep -E'
ac_cv_path_GREP=/usr/bin/grep
ac_cv_path_install='/usr/bin/install -c'
ac_cv_prog_AWK=gawk
ac_cv_prog_CPP='gcc -E'
ac_cv_prog_CXXCPP='g++ -E'
ac_cv_prog_PTHREAD_CC=gcc
ac_cv_prog_ac_ct_AR=ar
ac_cv_prog_ac_ct_CC=gcc
ac_cv_prog_ac_ct_CXX=g++
ac_cv_prog_ac_ct_RANLIB=ranlib
ac_cv_prog_ac_ct_STRIP=strip
ac_cv_prog_cc_c89=
ac_cv_prog_cc_g=yes
ac_cv_prog_cc_warnings=-Wall
ac_cv_prog_cxx_g=yes
ac_cv_prog_f77_g=no
ac_cv_prog_make_make_set=yes
ac_cv_type_ssize_t=yes
am_cv_CC_dependencies_compiler_type=gcc3
am_cv_CXX_dependencies_compiler_type=gcc3
lt_cv_deplibs_check_method=pass_all
lt_cv_file_magic_cmd='$MAGIC_CMD'
lt_cv_file_magic_test_file=
lt_cv_ld_reload_flag=-r
lt_cv_objdir=.libs
lt_cv_path_LD=/usr/bin/ld
lt_cv_path_LDCXX='/usr/bin/ld -m elf_x86_64'
lt_cv_path_NM='/usr/bin/nm -B'
lt_cv_path_SED=/usr/bin/sed
lt_cv_prog_compiler_c_o=yes
lt_cv_prog_compiler_c_o_CXX=yes
lt_cv_prog_compiler_rtti_exceptions=no
lt_cv_prog_gnu_ld=yes
lt_cv_prog_gnu_ldcxx=yes
lt_cv_sys_global_symbol_pipe='sed -n -e '\''s/^.*[ 	]\([ABCDGIRSTW][ABCDGIRSTW]*\)[ 	][ 	]*\([_A-Za-z][_A-Za-z0-9]*\)$/\1 \2 \2/p'\'''
lt_cv_sys_global_symbol_to_c_name_address='sed -n -e '\''s/^: \([^ ]*\) $/  {\"\1\", (lt_ptr) 0},/p'\'' -e '\''s/^[BCDEGRST] \([^ ]*\) \([^ ]*\)$/  {"\2", (lt_ptr) \&\2},/p'\'''
lt_cv_sys_global_symbol_to_cdecl='sed -n -e '\''s/^. .* \(.*\)$/extern int \1;/p'\'''
lt_cv_sys_max_cmd_len=32768
lt_lt_cv_prog_compiler_c_o='"yes"'
lt_lt_cv_prog_compiler_c_o_CXX='"yes"'
lt_lt_cv_sys_global_symbol_pipe='"sed -n -e '\''s/^.*[ 	]\\([ABCDGIRSTW][ABCDGIRSTW]*\\)[ 	][ 	]*\\([_A-Za-z][_A-Za-z0-9]*\\)\$/\\1 \\2 \\2/p'\''"'
lt_lt_cv_sys_global_symbol_to_c_name_address='"sed -n -e '\''s/^: \\([^ ]*\\) \$/  {\\\"\\1\\\", (lt_ptr) 0},/p'\'' -e '\''s/^[BCDEGRST] \\([^ ]*\\) \\([^ ]*\\)\$/  {\"\\2\", (lt_ptr) \\&\\2},/p'\''"'
lt_lt_cv_sys_global_symbol_to_cdecl='"sed -n -e '\''s/^. .* \\(.*\\)\$/extern int \\1;/p'\''"'

## ----------------- ##
## Output variables. ##
## ----------------- ##

ACLOCAL='${SHELL} /home/huafeng/HF_DFS/fcgi/missing --run aclocal-1.9'
AMDEPBACKSLASH='\'
AMDEP_FALSE='#'
AMDEP_TRUE=''
AMTAR='${SHELL} /home/huafeng/HF_DFS/fcgi/missing --run tar'
AR='ar'
AUTOCONF='${SHELL} /home/huafeng/HF_DFS/fcgi/missing --run autoconf'
AUTOHEADER='${SHELL} /home/huafeng/HF_DFS/fcgi/missing --run autoheader'
AUTOMAKE='${SHELL} /home/huafeng/HF_DFS/fcgi/missing --run automake-1.9'
AWK='gawk'
CC='gcc'
CCDEPMODE='depmode=gcc3'
CFLAGS='-g -O2 -Wall'
CPP='gcc -E'
CPPFLAGS=''
CXX='g++'
CXXCPP='g++ -E'
CXXDEPMODE='depmode=gcc3'
CXXFLAGS='-g -O2'
CYGPATH_W='echo'
DEFS='-DHAVE_CONFIG_H'
DEPDIR='.deps'
ECHO='echo'
ECHO_C=''
ECHO_CPP='echo-cpp'
ECHO_N='-n'
ECHO_T=''
EGREP='/usr/bin/grep -E'
EXEEXT=''
F77=''
FFLAGS=''
GREP='/usr/bin/grep'
INSTALL_DATA='${INSTALL} -m 644'
INSTALL_PROGRAM='${INSTALL}'
INSTALL_SCRIPT='${INSTALL}'
INSTALL_STRIP_PROGRAM='${SHELL} $(install_sh) -c -s'
LDFLAGS=''
LIBFCGIXX='libfcgi++.la'
LIBOBJS=''
LIBS='-lnsl '
LIBTOOL='$(SHELL) $(top_builddir)/libtool'
LN_S='ln -s'
LTLIBOBJS=''
MAKEINFO='${SHELL} /home/huafeng/HF_DFS/fcgi/missing --run makeinfo'
OBJEXT='o'
PACKAGE='fcgi'
PACKAGE_BUGREPORT=''
PACKAGE_NAME=''
PACKAGE_STRING=''
PACKAGE_TARNAME=''
PACKAGE_VERSION=''
PATH_SEPARATOR=':'
PTHREAD_CC='gcc'
PTHREAD_CFLAGS=''
PTHREAD_LIBS=''
RANLIB='ranlib'
SET_MAKE=''
SHELL='/bin/bash'
STRIP='strip'
SYSTEM='unix'
THREADED='threaded'
VERSION='2.4.1-SNAP-0910052249'
ac_ct_CC='gcc'
ac_ct_CXX='g++'
ac_ct_F77=''
am__fastdepCC_FALSE='#'
am__fastdepCC_TRUE=''
am__fastdepCXX_FALSE='#'
am__fastdepCXX_TRUE=''
am__include='include'
am__leading_dot='.'
am__quote=''
am__tar='${AMTAR} chof - "$$tardir"'
am__untar='${AMTAR} xf -'
bindir='${exec_prefix}/bin'
build='x86_64-unknown-linux-gnu'
build_alias=''
build_cpu='x86_64'
build_os='linux-gnu'
build_vendor='unknown'
datadir='${datarootdir}'
datarootdir='${prefix}/share'
docdir='${datarootdir}/doc/${PACKAGE}'
dvidir='${docdir}'
exec_prefix='${prefix}'
host='x86_64-unknown-linux-gnu'
host_alias=''
host_cpu='x86_64'
host_os='linux-gnu'
host_vendor='unknown'
htmldir='${docdir}'
includedir='${prefix}/include'
infodir='${datarootdir}/info'
install_sh='/home/huafeng/HF_DFS/fcgi/install-sh'
libdir='${exec_prefix}/lib'
libexecdir='${exec_prefix}/libexec'
localedir='${datarootdir}/locale'
localstatedir='${prefix}/var'
mandir='${datarootdir}/man'
mkdir_p='mkdir -p --'
oldincludedir='/usr/include'
pdfdir='${docdir}'
prefix='/usr/local'
program_transform_name='s,x,x,'
psdir='${docdir}'
sbindir='${exec_prefix}/sbin'
sharedstatedir='${prefix}/com'
sysconfdir='${prefix}/etc'
target_alias=''

## ----------- ##
## confdefs.h. ##
## ----------- ##

#define PACKAGE_NAME ""
#define PACKAGE_TARNAME ""
#define PACKAGE_VERSION ""
#define PACKAGE_STRING ""
#define PACKAGE_BUGREPORT ""
#define PACKAGE "fcgi"
#define VERSION "2.4.1-SNAP-0910052249"
#define STDC_HEADERS 1
#define HAVE_SYS_TYPES_H 1
#define HAVE_SYS_STAT_H 1
#define HAVE_STDLIB_H 1
#define HAVE_STRING_H 1
#define HAVE_MEMORY_H 1
#define HAVE_STRINGS_H 1
#define HAVE_INTTYPES_H 1
#define HAVE_STDINT_H 1
#define HAVE_UNISTD_H 1
#define HAVE_DLFCN_H 1
#define HAVE_STREAMBUF_CHAR_TYPE 1
#define HAVE_LIBNSL 1
#define HAVE_FPOS 1
#define HAVE_SYS_SOCKET_H 1
#define HAVE_NETDB_H 1
#define HAVE_NETINET_IN_H 1
#define HAVE_ARPA_INET_H 1
#define HAVE_SYS_TIME_H 1
#define HAVE_LIMITS_H 1
#define HAVE_SYS_PARAM_H 1
#define HAVE_UNISTD_H 1
#define HAVE_FILENO_PROTO 1
#define HAVE_STRERROR 1

configure: exit 0
