[2024-06-28 17:49:57]--[src_cgi/login_cgi.c:288]--buf = {
    "pwd": "e10adc3949ba59abbe56e057f20f883e",
    "user": "123"
}

[2024-06-28 17:49:57]--[src_cgi/login_cgi.c:294]--user = 123, pwd = e10adc3949ba59abbe56e057f20f883e
[2024-06-28 17:49:57]--[src_cgi/login_cgi.c:101]--mysql_user = root, mysql_pwd = huafeng, mysql_db = cloud_disk
[2024-06-28 17:49:57]--[src_cgi/login_cgi.c:161]--redis:[ip=127.0.0.1,port=6379]
[2024-06-28 17:49:57]--[src_cgi/login_cgi.c:185]--tmp = 123818311886384
[2024-06-28 17:49:57]--[src_cgi/login_cgi.c:201]--base64 = OVNlgaH1yD0YDmFI8GHKPQ==
[2024-06-28 17:49:57]--[src_cgi/login_cgi.c:303]--token = 5eaf127d25ac4d5b1ef4fc83085ce15d
[2024-06-28 17:51:14]--[src_cgi/login_cgi.c:288]--buf = {
    "pwd": "e10adc3949ba59abbe56e057f20f883e",
    "user": "123"
}

[2024-06-28 17:51:14]--[src_cgi/login_cgi.c:294]--user = 123, pwd = e10adc3949ba59abbe56e057f20f883e
[2024-06-28 17:51:14]--[src_cgi/login_cgi.c:101]--mysql_user = root, mysql_pwd = huafeng, mysql_db = cloud_disk
[2024-06-28 17:51:14]--[src_cgi/login_cgi.c:161]--redis:[ip=127.0.0.1,port=6379]
[2024-06-28 17:51:14]--[src_cgi/login_cgi.c:185]--tmp = 123698766343861
[2024-06-28 17:51:14]--[src_cgi/login_cgi.c:201]--base64 = 45O8mJpLg3rWKqOwd3h8Qw==
[2024-06-28 17:51:14]--[src_cgi/login_cgi.c:303]--token = e55623d1d175978c0a276b4339814c3f
[2024-06-28 17:53:18]--[src_cgi/login_cgi.c:288]--buf = {
    "pwd": "e10adc3949ba59abbe56e057f20f883e",
    "user": "123"
}

[2024-06-28 17:53:18]--[src_cgi/login_cgi.c:294]--user = 123, pwd = e10adc3949ba59abbe56e057f20f883e
[2024-06-28 17:53:18]--[src_cgi/login_cgi.c:101]--mysql_user = root, mysql_pwd = huafeng, mysql_db = cloud_disk
[2024-06-28 17:53:18]--[src_cgi/login_cgi.c:161]--redis:[ip=127.0.0.1,port=6379]
[2024-06-28 17:53:18]--[src_cgi/login_cgi.c:185]--tmp = 12392337321334
[2024-06-28 17:53:18]--[src_cgi/login_cgi.c:201]--base64 = Vs//adxcvgpVRsk6BlIoEw==
[2024-06-28 17:53:18]--[src_cgi/login_cgi.c:303]--token = 0ddee695753bec7ebcaf41332771af81
[2024-06-28 18:13:28]--[src_cgi/login_cgi.c:288]--buf = {
    "pwd": "e10adc3949ba59abbe56e057f20f883e",
    "user": "123"
}

[2024-06-28 18:13:28]--[src_cgi/login_cgi.c:294]--user = 123, pwd = e10adc3949ba59abbe56e057f20f883e
[2024-06-28 18:13:28]--[src_cgi/login_cgi.c:101]--mysql_user = root, mysql_pwd = huafeng, mysql_db = cloud_disk
[2024-06-28 18:13:28]--[src_cgi/login_cgi.c:161]--redis:[ip=127.0.0.1,port=6379]
[2024-06-28 18:13:28]--[src_cgi/login_cgi.c:185]--tmp = 123967291976194
[2024-06-28 18:13:28]--[src_cgi/login_cgi.c:201]--base64 = uptZPvLH9a5TY5DKOM/JuA==
[2024-06-28 18:13:28]--[src_cgi/login_cgi.c:303]--token = 1ff19b53d494e3318738fd94d98a1fdf
[2024-06-28 18:24:23]--[src_cgi/login_cgi.c:288]--buf = {
    "pwd": "e10adc3949ba59abbe56e057f20f883e",
    "user": "123"
}

[2024-06-28 18:24:23]--[src_cgi/login_cgi.c:294]--user = 123, pwd = e10adc3949ba59abbe56e057f20f883e
[2024-06-28 18:24:23]--[src_cgi/login_cgi.c:101]--mysql_user = root, mysql_pwd = huafeng, mysql_db = cloud_disk
[2024-06-28 18:24:23]--[src_cgi/login_cgi.c:161]--redis:[ip=127.0.0.1,port=6379]
[2024-06-28 18:24:23]--[src_cgi/login_cgi.c:185]--tmp = 123793643933640
[2024-06-28 18:24:23]--[src_cgi/login_cgi.c:201]--base64 = ugfOMNkP0iu93RdB8LwBMw==
[2024-06-28 18:24:23]--[src_cgi/login_cgi.c:303]--token = 29174eb38cccb66248abc2a63b38deb0
[2024-06-28 18:29:00]--[src_cgi/login_cgi.c:288]--buf = {
    "pwd": "e10adc3949ba59abbe56e057f20f883e",
    "user": "123"
}

[2024-06-28 18:29:00]--[src_cgi/login_cgi.c:294]--user = 123, pwd = e10adc3949ba59abbe56e057f20f883e
[2024-06-28 18:29:00]--[src_cgi/login_cgi.c:101]--mysql_user = root, mysql_pwd = huafeng, mysql_db = cloud_disk
[2024-06-28 18:29:00]--[src_cgi/login_cgi.c:161]--redis:[ip=127.0.0.1,port=6379]
[2024-06-28 18:29:00]--[src_cgi/login_cgi.c:185]--tmp = 123195288236596
[2024-06-28 18:29:00]--[src_cgi/login_cgi.c:201]--base64 = +mPdzRXtXmtk5e4nSHXoxg==
[2024-06-28 18:29:00]--[src_cgi/login_cgi.c:303]--token = 9f338edd96210c4321052e9eda328976
[2024-06-28 18:32:27]--[src_cgi/login_cgi.c:288]--buf = {
    "pwd": "e10adc3949ba59abbe56e057f20f883e",
    "user": "123"
}

[2024-06-28 18:32:27]--[src_cgi/login_cgi.c:294]--user = 123, pwd = e10adc3949ba59abbe56e057f20f883e
[2024-06-28 18:32:27]--[src_cgi/login_cgi.c:101]--mysql_user = root, mysql_pwd = huafeng, mysql_db = cloud_disk
[2024-06-28 18:32:27]--[src_cgi/login_cgi.c:161]--redis:[ip=127.0.0.1,port=6379]
[2024-06-28 18:32:27]--[src_cgi/login_cgi.c:185]--tmp = 12369252161229
[2024-06-28 18:32:27]--[src_cgi/login_cgi.c:201]--base64 = 6T4rB0cG1ydvWcMMMYoBPg==
[2024-06-28 18:32:27]--[src_cgi/login_cgi.c:303]--token = bf06578e05f767e2ea6ec0f1e3559b68
[2024-06-28 18:35:22]--[src_cgi/login_cgi.c:288]--buf = {
    "pwd": "e10adc3949ba59abbe56e057f20f883e",
    "user": "123"
}

[2024-06-28 18:35:22]--[src_cgi/login_cgi.c:294]--user = 123, pwd = e10adc3949ba59abbe56e057f20f883e
[2024-06-28 18:35:22]--[src_cgi/login_cgi.c:101]--mysql_user = root, mysql_pwd = huafeng, mysql_db = cloud_disk
[2024-06-28 18:35:22]--[src_cgi/login_cgi.c:161]--redis:[ip=127.0.0.1,port=6379]
[2024-06-28 18:35:22]--[src_cgi/login_cgi.c:185]--tmp = 12339113673452
[2024-06-28 18:35:22]--[src_cgi/login_cgi.c:201]--base64 = crVuxFXQcsyyd7UxKBpx/Q==
[2024-06-28 18:35:22]--[src_cgi/login_cgi.c:303]--token = 1249409263e3f3973ebcba04da0a3524
[2024-06-28 18:53:14]--[src_cgi/login_cgi.c:288]--buf = {
    "pwd": "e10adc3949ba59abbe56e057f20f883e",
    "user": "123"
}

[2024-06-28 18:53:14]--[src_cgi/login_cgi.c:294]--user = 123, pwd = e10adc3949ba59abbe56e057f20f883e
[2024-06-28 18:53:14]--[src_cgi/login_cgi.c:101]--mysql_user = root, mysql_pwd = huafeng, mysql_db = cloud_disk
[2024-06-28 18:53:14]--[src_cgi/login_cgi.c:161]--redis:[ip=127.0.0.1,port=6379]
[2024-06-28 18:53:14]--[src_cgi/login_cgi.c:185]--tmp = 123123103644310
[2024-06-28 18:53:14]--[src_cgi/login_cgi.c:201]--base64 = Ht83j08cPLHXWrp1Xg90HQ==
[2024-06-28 18:53:14]--[src_cgi/login_cgi.c:303]--token = 35cfd2121f3410df6bdbb50ac73601cc
[2024-06-28 18:53:43]--[src_cgi/login_cgi.c:288]--buf = {
    "pwd": "e10adc3949ba59abbe56e057f20f883e",
    "user": "123"
}

[2024-06-28 18:53:43]--[src_cgi/login_cgi.c:294]--user = 123, pwd = e10adc3949ba59abbe56e057f20f883e
[2024-06-28 18:53:43]--[src_cgi/login_cgi.c:101]--mysql_user = root, mysql_pwd = huafeng, mysql_db = cloud_disk
[2024-06-28 18:53:43]--[src_cgi/login_cgi.c:161]--redis:[ip=127.0.0.1,port=6379]
[2024-06-28 18:53:43]--[src_cgi/login_cgi.c:185]--tmp = 123332435298550
[2024-06-28 18:53:43]--[src_cgi/login_cgi.c:201]--base64 = Q5xRVmYLw3/mDS3t0nitYA==
[2024-06-28 18:53:43]--[src_cgi/login_cgi.c:303]--token = 2faab73d6579809b2e82c0676747f384
