[2024-06-26 09:30:17]--[src_cgi/login_cgi.c:288]--buf = {
    "pwd": "0079eff7b21542c82e619b6c2eac8c46",
    "user": "huafeng"
}

[2024-06-26 09:30:17]--[src_cgi/login_cgi.c:294]--user = huafeng, pwd = 0079eff7b21542c82e619b6c2eac8c46
[2024-06-26 09:30:17]--[src_cgi/login_cgi.c:101]--mysql_user = root, mysql_pwd = huafeng, mysql_db = cloud_disk
[2024-06-26 09:30:17]--[src_cgi/login_cgi.c:161]--redis:[ip=127.0.0.1,port=6379]
[2024-06-26 09:30:17]--[src_cgi/login_cgi.c:185]--tmp = huafeng19461568114
[2024-06-26 09:30:17]--[src_cgi/login_cgi.c:201]--base64 = /z5QVrrNHRvnRQj/0qLRNcqFCeVtHo87
[2024-06-26 09:30:17]--[src_cgi/login_cgi.c:303]--token = 14e1d74659bf441a0be5bcf08630de0e
[2024-06-26 09:33:43]--[src_cgi/login_cgi.c:288]--buf = {
    "pwd": "0079eff7b21542c82e619b6c2eac8c46",
    "user": "huafeng"
}

[2024-06-26 09:33:43]--[src_cgi/login_cgi.c:294]--user = huafeng, pwd = 0079eff7b21542c82e619b6c2eac8c46
[2024-06-26 09:33:43]--[src_cgi/login_cgi.c:101]--mysql_user = root, mysql_pwd = huafeng, mysql_db = cloud_disk
[2024-06-26 09:33:43]--[src_cgi/login_cgi.c:161]--redis:[ip=127.0.0.1,port=6379]
[2024-06-26 09:33:43]--[src_cgi/login_cgi.c:185]--tmp = huafeng76671719187
[2024-06-26 09:33:43]--[src_cgi/login_cgi.c:201]--base64 = pf7v8L+NW+JHbNLEefMG/WUPwAypwexq
[2024-06-26 09:33:43]--[src_cgi/login_cgi.c:303]--token = 63ead8072826e363a5297954aa9c0635
[2024-06-26 09:34:27]--[src_cgi/login_cgi.c:288]--buf = {
    "pwd": "0079eff7b21542c82e619b6c2eac8c46",
    "user": "huafeng"
}

[2024-06-26 09:34:27]--[src_cgi/login_cgi.c:294]--user = huafeng, pwd = 0079eff7b21542c82e619b6c2eac8c46
[2024-06-26 09:34:27]--[src_cgi/login_cgi.c:101]--mysql_user = root, mysql_pwd = huafeng, mysql_db = cloud_disk
[2024-06-26 09:34:27]--[src_cgi/login_cgi.c:161]--redis:[ip=127.0.0.1,port=6379]
[2024-06-26 09:34:27]--[src_cgi/login_cgi.c:185]--tmp = huafeng502660122625
[2024-06-26 09:34:27]--[src_cgi/login_cgi.c:201]--base64 = tcG2npHNyY8wrbUdGq/OQR0jCjtbFNzS
[2024-06-26 09:34:27]--[src_cgi/login_cgi.c:303]--token = 9c5b132579cc5957b8a3d4478ae46035
[2024-06-26 09:47:35]--[src_cgi/login_cgi.c:288]--buf = {
    "pwd": "0079eff7b21542c82e619b6c2eac8c46",
    "user": "huafeng"
}

[2024-06-26 09:47:35]--[src_cgi/login_cgi.c:294]--user = huafeng, pwd = 0079eff7b21542c82e619b6c2eac8c46
[2024-06-26 09:47:35]--[src_cgi/login_cgi.c:101]--mysql_user = root, mysql_pwd = huafeng, mysql_db = cloud_disk
[2024-06-26 09:47:35]--[src_cgi/login_cgi.c:161]--redis:[ip=127.0.0.1,port=6379]
[2024-06-26 09:47:35]--[src_cgi/login_cgi.c:185]--tmp = huafeng177699835541
[2024-06-26 09:47:35]--[src_cgi/login_cgi.c:201]--base64 = /z5QVrrNHRv7v/6GKMzHC6E80DbuP3FB
[2024-06-26 09:47:35]--[src_cgi/login_cgi.c:303]--token = 92cd5d2be89c7b91b0005b8e2b811431
[2024-06-26 09:55:06]--[src_cgi/login_cgi.c:288]--buf = {
    "pwd": "0079eff7b21542c82e619b6c2eac8c46",
    "user": "huafeng"
}

[2024-06-26 09:55:06]--[src_cgi/login_cgi.c:294]--user = huafeng, pwd = 0079eff7b21542c82e619b6c2eac8c46
[2024-06-26 09:55:06]--[src_cgi/login_cgi.c:101]--mysql_user = root, mysql_pwd = huafeng, mysql_db = cloud_disk
[2024-06-26 09:55:06]--[src_cgi/login_cgi.c:161]--redis:[ip=127.0.0.1,port=6379]
[2024-06-26 09:55:06]--[src_cgi/login_cgi.c:185]--tmp = huafeng584413701584
[2024-06-26 09:55:06]--[src_cgi/login_cgi.c:201]--base64 = tcG2npHNyY9sqHBOFGugi4F3scUub1cI
[2024-06-26 09:55:06]--[src_cgi/login_cgi.c:303]--token = ddf91316d0946dd0abf95826a235a044
[2024-06-26 09:56:01]--[src_cgi/login_cgi.c:288]--buf = {
    "pwd": "e10adc3949ba59abbe56e057f20f883e",
    "user": "123"
}

[2024-06-26 09:56:01]--[src_cgi/login_cgi.c:294]--user = 123, pwd = e10adc3949ba59abbe56e057f20f883e
[2024-06-26 09:56:01]--[src_cgi/login_cgi.c:101]--mysql_user = root, mysql_pwd = huafeng, mysql_db = cloud_disk
[2024-06-26 09:56:01]--[src_cgi/login_cgi.c:161]--redis:[ip=127.0.0.1,port=6379]
[2024-06-26 09:56:01]--[src_cgi/login_cgi.c:185]--tmp = 123530616843123
[2024-06-26 09:56:01]--[src_cgi/login_cgi.c:201]--base64 = pyTwHB4FcMwaVreGDDLANw==
[2024-06-26 09:56:01]--[src_cgi/login_cgi.c:303]--token = 222005bbd72bbcfe342cd535529f55a9
[2024-06-26 09:57:07]--[src_cgi/login_cgi.c:288]--buf = {
    "pwd": "e10adc3949ba59abbe56e057f20f883e",
    "user": "123"
}

[2024-06-26 09:57:07]--[src_cgi/login_cgi.c:294]--user = 123, pwd = e10adc3949ba59abbe56e057f20f883e
[2024-06-26 09:57:07]--[src_cgi/login_cgi.c:101]--mysql_user = root, mysql_pwd = huafeng, mysql_db = cloud_disk
[2024-06-26 09:57:07]--[src_cgi/login_cgi.c:161]--redis:[ip=127.0.0.1,port=6379]
[2024-06-26 09:57:07]--[src_cgi/login_cgi.c:185]--tmp = 1234848577223
[2024-06-26 09:57:07]--[src_cgi/login_cgi.c:201]--base64 = gehwdqeh6i23u+E6Anja1A==
[2024-06-26 09:57:07]--[src_cgi/login_cgi.c:303]--token = 19d8049e1109eff696bcfe4c48e60520
[2024-06-26 10:43:40]--[src_cgi/login_cgi.c:288]--buf = {
    "pwd": "e10adc3949ba59abbe56e057f20f883e",
    "user": "123"
}

[2024-06-26 10:43:40]--[src_cgi/login_cgi.c:294]--user = 123, pwd = e10adc3949ba59abbe56e057f20f883e
[2024-06-26 10:43:40]--[src_cgi/login_cgi.c:101]--mysql_user = root, mysql_pwd = huafeng, mysql_db = cloud_disk
[2024-06-26 10:43:40]--[src_cgi/login_cgi.c:161]--redis:[ip=127.0.0.1,port=6379]
[2024-06-26 10:43:40]--[src_cgi/login_cgi.c:185]--tmp = 123689883852360
[2024-06-26 10:43:40]--[src_cgi/login_cgi.c:201]--base64 = SP9HbK9sm/FuAeYfGZhVgA==
[2024-06-26 10:43:40]--[src_cgi/login_cgi.c:303]--token = ff16153d64366ee0ebee7e6ba80e0347
[2024-06-26 10:49:10]--[src_cgi/login_cgi.c:288]--buf = {
    "pwd": "e10adc3949ba59abbe56e057f20f883e",
    "user": "123"
}

[2024-06-26 10:49:10]--[src_cgi/login_cgi.c:294]--user = 123, pwd = e10adc3949ba59abbe56e057f20f883e
[2024-06-26 10:49:10]--[src_cgi/login_cgi.c:101]--mysql_user = root, mysql_pwd = huafeng, mysql_db = cloud_disk
[2024-06-26 10:49:10]--[src_cgi/login_cgi.c:161]--redis:[ip=127.0.0.1,port=6379]
[2024-06-26 10:49:10]--[src_cgi/login_cgi.c:185]--tmp = 123789780462801
[2024-06-26 10:49:10]--[src_cgi/login_cgi.c:201]--base64 = 85SZNgPb82VbI0dELKr2ng==
[2024-06-26 10:49:10]--[src_cgi/login_cgi.c:303]--token = ba036f374b52c6a1f0ab72f97e461846
[2024-06-26 11:17:17]--[src_cgi/login_cgi.c:288]--buf = {
    "pwd": "e10adc3949ba59abbe56e057f20f883e",
    "user": "123"
}

[2024-06-26 11:17:17]--[src_cgi/login_cgi.c:294]--user = 123, pwd = e10adc3949ba59abbe56e057f20f883e
[2024-06-26 11:17:17]--[src_cgi/login_cgi.c:101]--mysql_user = root, mysql_pwd = huafeng, mysql_db = cloud_disk
[2024-06-26 11:17:17]--[src_cgi/login_cgi.c:161]--redis:[ip=127.0.0.1,port=6379]
[2024-06-26 11:17:17]--[src_cgi/login_cgi.c:185]--tmp = 12340112428356
[2024-06-26 11:17:17]--[src_cgi/login_cgi.c:201]--base64 = CNbsTceLTQ19X+ClDz9urA==
[2024-06-26 11:17:17]--[src_cgi/login_cgi.c:303]--token = 2c72c562613e179bbd1bea474e38f8c7
[2024-06-26 14:08:24]--[src_cgi/login_cgi.c:288]--buf = {
    "pwd": "e10adc3949ba59abbe56e057f20f883e",
    "user": "123"
}

[2024-06-26 14:08:24]--[src_cgi/login_cgi.c:294]--user = 123, pwd = e10adc3949ba59abbe56e057f20f883e
[2024-06-26 14:08:24]--[src_cgi/login_cgi.c:101]--mysql_user = root, mysql_pwd = huafeng, mysql_db = cloud_disk
[2024-06-26 14:08:24]--[src_cgi/login_cgi.c:161]--redis:[ip=127.0.0.1,port=6379]
[2024-06-26 14:08:24]--[src_cgi/login_cgi.c:185]--tmp = 123799980709626
[2024-06-26 14:08:24]--[src_cgi/login_cgi.c:201]--base64 = zpuG96qnIL/+J9TXudCYGQ==
[2024-06-26 14:08:24]--[src_cgi/login_cgi.c:303]--token = ba86b25b24bcd50a08ceb4758f596133
[2024-06-26 14:11:21]--[src_cgi/login_cgi.c:288]--buf = {
    "pwd": "e10adc3949ba59abbe56e057f20f883e",
    "user": "123"
}

[2024-06-26 14:11:21]--[src_cgi/login_cgi.c:294]--user = 123, pwd = e10adc3949ba59abbe56e057f20f883e
[2024-06-26 14:11:21]--[src_cgi/login_cgi.c:101]--mysql_user = root, mysql_pwd = huafeng, mysql_db = cloud_disk
[2024-06-26 14:11:21]--[src_cgi/login_cgi.c:161]--redis:[ip=127.0.0.1,port=6379]
[2024-06-26 14:11:21]--[src_cgi/login_cgi.c:185]--tmp = 123138180211125
[2024-06-26 14:11:21]--[src_cgi/login_cgi.c:201]--base64 = A7hNbGt2i8T6KAaLg0MBgw==
[2024-06-26 14:11:21]--[src_cgi/login_cgi.c:303]--token = 78d54f06170362b3b7ac9711fdacd256
