[2024-06-30 10:32:54]--[src_cgi/login_cgi.c:288]--buf = {
    "pwd": "e10adc3949ba59abbe56e057f20f883e",
    "user": "123"
}

[2024-06-30 10:32:54]--[src_cgi/login_cgi.c:294]--user = 123, pwd = e10adc3949ba59abbe56e057f20f883e
[2024-06-30 10:32:54]--[src_cgi/login_cgi.c:101]--mysql_user = root, mysql_pwd = huafeng, mysql_db = cloud_disk
[2024-06-30 10:32:54]--[src_cgi/login_cgi.c:161]--redis:[ip=127.0.0.1,port=6379]
[2024-06-30 10:32:54]--[src_cgi/login_cgi.c:185]--tmp = 12327521698720
[2024-06-30 10:32:54]--[src_cgi/login_cgi.c:201]--base64 = yKhT/S1zTBb/qmTl21KI5Q==
[2024-06-30 10:32:54]--[src_cgi/login_cgi.c:303]--token = 976974ca1c96a6ca125dbc4210098847
[2024-06-30 10:44:15]--[src_cgi/login_cgi.c:288]--buf = {
    "pwd": "e10adc3949ba59abbe56e057f20f883e",
    "user": "123"
}

[2024-06-30 10:44:15]--[src_cgi/login_cgi.c:294]--user = 123, pwd = e10adc3949ba59abbe56e057f20f883e
[2024-06-30 10:44:15]--[src_cgi/login_cgi.c:101]--mysql_user = root, mysql_pwd = huafeng, mysql_db = cloud_disk
[2024-06-30 10:44:15]--[src_cgi/login_cgi.c:161]--redis:[ip=127.0.0.1,port=6379]
[2024-06-30 10:44:15]--[src_cgi/login_cgi.c:185]--tmp = 12350289332491
[2024-06-30 10:44:15]--[src_cgi/login_cgi.c:201]--base64 = Ha10gj0ZnbDz9fTClTchmA==
[2024-06-30 10:44:15]--[src_cgi/login_cgi.c:303]--token = 9d11a582f58af6f65b5d7c7b33d3068b
[2024-06-30 10:44:58]--[src_cgi/login_cgi.c:288]--buf = {
    "pwd": "e10adc3949ba59abbe56e057f20f883e",
    "user": "123"
}

[2024-06-30 10:44:58]--[src_cgi/login_cgi.c:294]--user = 123, pwd = e10adc3949ba59abbe56e057f20f883e
[2024-06-30 10:44:58]--[src_cgi/login_cgi.c:101]--mysql_user = root, mysql_pwd = huafeng, mysql_db = cloud_disk
[2024-06-30 10:44:58]--[src_cgi/login_cgi.c:161]--redis:[ip=127.0.0.1,port=6379]
[2024-06-30 10:44:58]--[src_cgi/login_cgi.c:185]--tmp = 123302764893516
[2024-06-30 10:44:58]--[src_cgi/login_cgi.c:201]--base64 = 9LzrYlZfTShCi09y8Eee9A==
[2024-06-30 10:44:58]--[src_cgi/login_cgi.c:303]--token = 8ae47b714b89fb6aed2c929a5961b354
[2024-06-30 10:47:54]--[src_cgi/login_cgi.c:288]--buf = {
    "pwd": "e10adc3949ba59abbe56e057f20f883e",
    "user": "123"
}

[2024-06-30 10:47:54]--[src_cgi/login_cgi.c:294]--user = 123, pwd = e10adc3949ba59abbe56e057f20f883e
[2024-06-30 10:47:54]--[src_cgi/login_cgi.c:101]--mysql_user = root, mysql_pwd = huafeng, mysql_db = cloud_disk
[2024-06-30 10:47:54]--[src_cgi/login_cgi.c:161]--redis:[ip=127.0.0.1,port=6379]
[2024-06-30 10:47:54]--[src_cgi/login_cgi.c:185]--tmp = 123304747605
[2024-06-30 10:47:54]--[src_cgi/login_cgi.c:201]--base64 = aMrFF2XBBvaUKtH9geDLwQ==
[2024-06-30 10:47:54]--[src_cgi/login_cgi.c:303]--token = e6978e1e9cac196aabbed068eece440b
[2024-06-30 10:49:41]--[src_cgi/login_cgi.c:288]--buf = {
    "pwd": "e10adc3949ba59abbe56e057f20f883e",
    "user": "123"
}

[2024-06-30 10:49:41]--[src_cgi/login_cgi.c:294]--user = 123, pwd = e10adc3949ba59abbe56e057f20f883e
[2024-06-30 10:49:41]--[src_cgi/login_cgi.c:101]--mysql_user = root, mysql_pwd = huafeng, mysql_db = cloud_disk
[2024-06-30 10:49:41]--[src_cgi/login_cgi.c:161]--redis:[ip=127.0.0.1,port=6379]
[2024-06-30 10:49:41]--[src_cgi/login_cgi.c:185]--tmp = 123205869910378
[2024-06-30 10:49:41]--[src_cgi/login_cgi.c:201]--base64 = DVh6BPzHlSWDf8OhMfEl8Q==
[2024-06-30 10:49:41]--[src_cgi/login_cgi.c:303]--token = 75b1c44a925290843f87aa3e0d4e09a7
[2024-06-30 10:52:48]--[src_cgi/login_cgi.c:288]--buf = {
    "pwd": "e10adc3949ba59abbe56e057f20f883e",
    "user": "123"
}

[2024-06-30 10:52:48]--[src_cgi/login_cgi.c:294]--user = 123, pwd = e10adc3949ba59abbe56e057f20f883e
[2024-06-30 10:52:48]--[src_cgi/login_cgi.c:101]--mysql_user = root, mysql_pwd = huafeng, mysql_db = cloud_disk
[2024-06-30 10:52:48]--[src_cgi/login_cgi.c:161]--redis:[ip=127.0.0.1,port=6379]
[2024-06-30 10:52:48]--[src_cgi/login_cgi.c:185]--tmp = 123281441114964
[2024-06-30 10:52:48]--[src_cgi/login_cgi.c:201]--base64 = CdFjQGs2hGdXcCrLQIuBZQ==
[2024-06-30 10:52:48]--[src_cgi/login_cgi.c:303]--token = e77e67b6e2142cef8b7d734d7f2bfe56
[2024-06-30 10:56:22]--[src_cgi/login_cgi.c:288]--buf = {
    "pwd": "e10adc3949ba59abbe56e057f20f883e",
    "user": "123"
}

[2024-06-30 10:56:22]--[src_cgi/login_cgi.c:294]--user = 123, pwd = e10adc3949ba59abbe56e057f20f883e
[2024-06-30 10:56:22]--[src_cgi/login_cgi.c:101]--mysql_user = root, mysql_pwd = huafeng, mysql_db = cloud_disk
[2024-06-30 10:56:22]--[src_cgi/login_cgi.c:161]--redis:[ip=127.0.0.1,port=6379]
[2024-06-30 10:56:22]--[src_cgi/login_cgi.c:185]--tmp = 123721742682220
[2024-06-30 10:56:22]--[src_cgi/login_cgi.c:201]--base64 = qeLtewzWZVpGXVxQo+Hosg==
[2024-06-30 10:56:22]--[src_cgi/login_cgi.c:303]--token = 2f67f2229f67bded74f273a4dfd83d66
[2024-06-30 10:56:31]--[src_cgi/login_cgi.c:288]--buf = {
    "pwd": "e10adc3949ba59abbe56e057f20f883e",
    "user": "123"
}

[2024-06-30 10:56:31]--[src_cgi/login_cgi.c:294]--user = 123, pwd = e10adc3949ba59abbe56e057f20f883e
[2024-06-30 10:56:31]--[src_cgi/login_cgi.c:101]--mysql_user = root, mysql_pwd = huafeng, mysql_db = cloud_disk
[2024-06-30 10:56:31]--[src_cgi/login_cgi.c:161]--redis:[ip=127.0.0.1,port=6379]
[2024-06-30 10:56:31]--[src_cgi/login_cgi.c:185]--tmp = 123378601162410
[2024-06-30 10:56:31]--[src_cgi/login_cgi.c:201]--base64 = WleFeRpOl+w5zlgsxOsYOQ==
[2024-06-30 10:56:31]--[src_cgi/login_cgi.c:303]--token = 730d831c106ee630e99e6af8db4bdde7
[2024-06-30 11:15:33]--[src_cgi/login_cgi.c:288]--buf = {
    "pwd": "e10adc3949ba59abbe56e057f20f883e",
    "user": "123"
}

[2024-06-30 11:15:33]--[src_cgi/login_cgi.c:294]--user = 123, pwd = e10adc3949ba59abbe56e057f20f883e
[2024-06-30 11:15:33]--[src_cgi/login_cgi.c:101]--mysql_user = root, mysql_pwd = huafeng, mysql_db = cloud_disk
[2024-06-30 11:15:33]--[src_cgi/login_cgi.c:161]--redis:[ip=127.0.0.1,port=6379]
[2024-06-30 11:15:33]--[src_cgi/login_cgi.c:185]--tmp = 123512606107769
[2024-06-30 11:15:33]--[src_cgi/login_cgi.c:201]--base64 = StbVj0ZUX8YwFg82LZPEFg==
[2024-06-30 11:15:33]--[src_cgi/login_cgi.c:303]--token = 4a8d01d90d4abdf281e6546b338736b7
[2024-06-30 11:34:38]--[src_cgi/login_cgi.c:288]--buf = {
    "pwd": "e10adc3949ba59abbe56e057f20f883e",
    "user": "123"
}

[2024-06-30 11:34:38]--[src_cgi/login_cgi.c:294]--user = 123, pwd = e10adc3949ba59abbe56e057f20f883e
[2024-06-30 11:34:38]--[src_cgi/login_cgi.c:101]--mysql_user = root, mysql_pwd = huafeng, mysql_db = cloud_disk
[2024-06-30 11:34:38]--[src_cgi/login_cgi.c:161]--redis:[ip=127.0.0.1,port=6379]
[2024-06-30 11:34:38]--[src_cgi/login_cgi.c:185]--tmp = 123880452399153
[2024-06-30 11:34:38]--[src_cgi/login_cgi.c:201]--base64 = mKpQ3+Hf0Hyqz0xnyALTdA==
[2024-06-30 11:34:38]--[src_cgi/login_cgi.c:303]--token = 226519d49c634384c253d73a63cb9d7d
[2024-06-30 11:38:02]--[src_cgi/login_cgi.c:288]--buf = {
    "pwd": "e10adc3949ba59abbe56e057f20f883e",
    "user": "123"
}

[2024-06-30 11:38:02]--[src_cgi/login_cgi.c:294]--user = 123, pwd = e10adc3949ba59abbe56e057f20f883e
[2024-06-30 11:38:02]--[src_cgi/login_cgi.c:101]--mysql_user = root, mysql_pwd = huafeng, mysql_db = cloud_disk
[2024-06-30 11:38:02]--[src_cgi/login_cgi.c:161]--redis:[ip=127.0.0.1,port=6379]
[2024-06-30 11:38:02]--[src_cgi/login_cgi.c:185]--tmp = 12322511676945
[2024-06-30 11:38:02]--[src_cgi/login_cgi.c:201]--base64 = 1hOlc+8upspxK3hDzbK2fw==
[2024-06-30 11:38:02]--[src_cgi/login_cgi.c:303]--token = 9d2cc5408ac558dca7e38c669b23eca0
