[2024-06-26 09:29:22]--[src_cgi/md5_cgi.c:40]--mysql:[user=root,pwd=huafeng,database=cloud_disk][2024-06-26 09:30:37]--[src_cgi/md5_cgi.c:339]--buf = {
    "fileName": "cat.jpg",
    "md5": "09a9d1824ea6b9d82ba2bb8cf2303629",
    "token": "14e1d74659bf441a0be5bcf08630de0e",
    "user": "huafeng"
}

[2024-06-26 09:30:37]--[src_cgi/md5_cgi.c:361]--user = huafeng, token = 14e1d74659bf441a0be5bcf08630de0e, md5 = 09a9d1824ea6b9d82ba2bb8cf2303629, filename = cat.jpg
[2024-06-26 09:47:57]--[src_cgi/md5_cgi.c:339]--buf = {
    "fileName": "想法.txt",
    "md5": "83026f4d86f7d8d2d057df5587d7600e",
    "token": "92cd5d2be89c7b91b0005b8e2b811431",
    "user": "huafeng"
}

[2024-06-26 09:47:57]--[src_cgi/md5_cgi.c:361]--user = huafeng, token = 92cd5d2be89c7b91b0005b8e2b811431, md5 = 83026f4d86f7d8d2d057df5587d7600e, filename = 想法.txt
[2024-06-26 09:56:16]--[src_cgi/md5_cgi.c:339]--buf = {
    "fileName": "cat.jpg",
    "md5": "09a9d1824ea6b9d82ba2bb8cf2303629",
    "token": "222005bbd72bbcfe342cd535529f55a9",
    "user": "123"
}

[2024-06-26 09:56:16]--[src_cgi/md5_cgi.c:361]--user = 123, token = 222005bbd72bbcfe342cd535529f55a9, md5 = 09a9d1824ea6b9d82ba2bb8cf2303629, filename = cat.jpg
