[2024-06-28 16:42:10]--[src_cgi/myfiles_cgi.c:40]--mysql:[user=root,pwd=huafeng,database=cloud_disk][2024-06-28 17:49:57]--[src_cgi/myfiles_cgi.c:496]--cmd = count
[2024-06-28 17:49:57]--[src_cgi/myfiles_cgi.c:528]--buf = {
    "token": "5eaf127d25ac4d5b1ef4fc83085ce15d",
    "user": "123"
}

[2024-06-28 17:49:57]--[src_cgi/myfiles_cgi.c:176]--line = 1
[2024-06-28 17:49:57]--[src_cgi/myfiles_cgi.c:496]--cmd = normal
[2024-06-28 17:49:57]--[src_cgi/myfiles_cgi.c:528]--buf = {
    "count": 1,
    "start": 0,
    "token": "5eaf127d25ac4d5b1ef4fc83085ce15d",
    "user": "123"
}

[2024-06-28 17:49:57]--[src_cgi/myfiles_cgi.c:548]--user = 123, token = 5eaf127d25ac4d5b1ef4fc83085ce15d, start = 0, count = 1
[2024-06-28 17:49:57]--[src_cgi/myfiles_cgi.c:306]--select user_file_list.*, file_info.url, file_info.size, file_info.type from file_info, user_file_list where user = '123' and file_info.md5 = user_file_list.md5 limit 0, 1 在操作
[2024-06-28 17:49:57]--[src_cgi/myfiles_cgi.c:428]--{
	"files":	[{
			"user":	"123",
			"md5":	"09a9d1824ea6b9d82ba2bb8cf2303629",
			"time":	"2024-06-26 09:56:16",
			"filename":	"cat.jpg",
			"share_status":	0,
			"pv":	0,
			"url":	"http://192.168.181.1:80/group1/M00/00/00/wKi1AWZ7bz2AVGF6AABAxuJNm8o185.jpg",
			"size":	16582,
			"type":	"jpg"
		}]
}
[2024-06-28 17:51:14]--[src_cgi/myfiles_cgi.c:496]--cmd = count
[2024-06-28 17:51:14]--[src_cgi/myfiles_cgi.c:528]--buf = {
    "token": "e55623d1d175978c0a276b4339814c3f",
    "user": "123"
}

[2024-06-28 17:51:14]--[src_cgi/myfiles_cgi.c:176]--line = 1
[2024-06-28 17:51:14]--[src_cgi/myfiles_cgi.c:496]--cmd = normal
[2024-06-28 17:51:14]--[src_cgi/myfiles_cgi.c:528]--buf = {
    "count": 1,
    "start": 0,
    "token": "e55623d1d175978c0a276b4339814c3f",
    "user": "123"
}

[2024-06-28 17:51:14]--[src_cgi/myfiles_cgi.c:548]--user = 123, token = e55623d1d175978c0a276b4339814c3f, start = 0, count = 1
[2024-06-28 17:51:14]--[src_cgi/myfiles_cgi.c:306]--select user_file_list.*, file_info.url, file_info.size, file_info.type from file_info, user_file_list where user = '123' and file_info.md5 = user_file_list.md5 limit 0, 1 在操作
[2024-06-28 17:51:14]--[src_cgi/myfiles_cgi.c:428]--{
	"files":	[{
			"user":	"123",
			"md5":	"09a9d1824ea6b9d82ba2bb8cf2303629",
			"time":	"2024-06-26 09:56:16",
			"filename":	"cat.jpg",
			"share_status":	0,
			"pv":	0,
			"url":	"http://192.168.181.1:80/group1/M00/00/00/wKi1AWZ7bz2AVGF6AABAxuJNm8o185.jpg",
			"size":	16582,
			"type":	"jpg"
		}]
}
[2024-06-28 17:53:18]--[src_cgi/myfiles_cgi.c:496]--cmd = count
[2024-06-28 17:53:18]--[src_cgi/myfiles_cgi.c:528]--buf = {
    "token": "0ddee695753bec7ebcaf41332771af81",
    "user": "123"
}

[2024-06-28 17:53:18]--[src_cgi/myfiles_cgi.c:176]--line = 1
[2024-06-28 17:53:18]--[src_cgi/myfiles_cgi.c:496]--cmd = normal
[2024-06-28 17:53:18]--[src_cgi/myfiles_cgi.c:528]--buf = {
    "count": 1,
    "start": 0,
    "token": "0ddee695753bec7ebcaf41332771af81",
    "user": "123"
}

[2024-06-28 17:53:18]--[src_cgi/myfiles_cgi.c:548]--user = 123, token = 0ddee695753bec7ebcaf41332771af81, start = 0, count = 1
[2024-06-28 17:53:18]--[src_cgi/myfiles_cgi.c:306]--select user_file_list.*, file_info.url, file_info.size, file_info.type from file_info, user_file_list where user = '123' and file_info.md5 = user_file_list.md5 limit 0, 1 在操作
[2024-06-28 17:53:18]--[src_cgi/myfiles_cgi.c:428]--{
	"files":	[{
			"user":	"123",
			"md5":	"09a9d1824ea6b9d82ba2bb8cf2303629",
			"time":	"2024-06-26 09:56:16",
			"filename":	"cat.jpg",
			"share_status":	0,
			"pv":	0,
			"url":	"http://192.168.181.1:80/group1/M00/00/00/wKi1AWZ7bz2AVGF6AABAxuJNm8o185.jpg",
			"size":	16582,
			"type":	"jpg"
		}]
}
[2024-06-28 18:13:28]--[src_cgi/myfiles_cgi.c:496]--cmd = count
[2024-06-28 18:13:28]--[src_cgi/myfiles_cgi.c:528]--buf = {
    "token": "1ff19b53d494e3318738fd94d98a1fdf",
    "user": "123"
}

[2024-06-28 18:13:28]--[src_cgi/myfiles_cgi.c:176]--line = 1
[2024-06-28 18:13:28]--[src_cgi/myfiles_cgi.c:496]--cmd = normal
[2024-06-28 18:13:28]--[src_cgi/myfiles_cgi.c:528]--buf = {
    "count": 1,
    "start": 0,
    "token": "1ff19b53d494e3318738fd94d98a1fdf",
    "user": "123"
}

[2024-06-28 18:13:28]--[src_cgi/myfiles_cgi.c:548]--user = 123, token = 1ff19b53d494e3318738fd94d98a1fdf, start = 0, count = 1
[2024-06-28 18:13:28]--[src_cgi/myfiles_cgi.c:306]--select user_file_list.*, file_info.url, file_info.size, file_info.type from file_info, user_file_list where user = '123' and file_info.md5 = user_file_list.md5 limit 0, 1 在操作
[2024-06-28 18:13:28]--[src_cgi/myfiles_cgi.c:428]--{
	"files":	[{
			"user":	"123",
			"md5":	"09a9d1824ea6b9d82ba2bb8cf2303629",
			"time":	"2024-06-26 09:56:16",
			"filename":	"cat.jpg",
			"share_status":	0,
			"pv":	0,
			"url":	"http://192.168.181.1:80/group1/M00/00/00/wKi1AWZ7bz2AVGF6AABAxuJNm8o185.jpg",
			"size":	16582,
			"type":	"jpg"
		}]
}
[2024-06-28 18:24:23]--[src_cgi/myfiles_cgi.c:496]--cmd = count
[2024-06-28 18:24:23]--[src_cgi/myfiles_cgi.c:528]--buf = {
    "token": "29174eb38cccb66248abc2a63b38deb0",
    "user": "123"
}

[2024-06-28 18:24:23]--[src_cgi/myfiles_cgi.c:176]--line = 1
[2024-06-28 18:24:23]--[src_cgi/myfiles_cgi.c:496]--cmd = normal
[2024-06-28 18:24:23]--[src_cgi/myfiles_cgi.c:528]--buf = {
    "count": 1,
    "start": 0,
    "token": "29174eb38cccb66248abc2a63b38deb0",
    "user": "123"
}

[2024-06-28 18:24:23]--[src_cgi/myfiles_cgi.c:548]--user = 123, token = 29174eb38cccb66248abc2a63b38deb0, start = 0, count = 1
[2024-06-28 18:24:23]--[src_cgi/myfiles_cgi.c:306]--select user_file_list.*, file_info.url, file_info.size, file_info.type from file_info, user_file_list where user = '123' and file_info.md5 = user_file_list.md5 limit 0, 1 在操作
[2024-06-28 18:24:23]--[src_cgi/myfiles_cgi.c:428]--{
	"files":	[{
			"user":	"123",
			"md5":	"09a9d1824ea6b9d82ba2bb8cf2303629",
			"time":	"2024-06-26 09:56:16",
			"filename":	"cat.jpg",
			"share_status":	0,
			"pv":	0,
			"url":	"http://192.168.181.1:80/group1/M00/00/00/wKi1AWZ7bz2AVGF6AABAxuJNm8o185.jpg",
			"size":	16582,
			"type":	"jpg"
		}]
}
[2024-06-28 18:29:01]--[src_cgi/myfiles_cgi.c:496]--cmd = count
[2024-06-28 18:29:01]--[src_cgi/myfiles_cgi.c:528]--buf = {
    "token": "9f338edd96210c4321052e9eda328976",
    "user": "123"
}

[2024-06-28 18:29:01]--[src_cgi/myfiles_cgi.c:176]--line = 1
[2024-06-28 18:29:01]--[src_cgi/myfiles_cgi.c:496]--cmd = normal
[2024-06-28 18:29:01]--[src_cgi/myfiles_cgi.c:528]--buf = {
    "count": 1,
    "start": 0,
    "token": "9f338edd96210c4321052e9eda328976",
    "user": "123"
}

[2024-06-28 18:29:01]--[src_cgi/myfiles_cgi.c:548]--user = 123, token = 9f338edd96210c4321052e9eda328976, start = 0, count = 1
[2024-06-28 18:29:01]--[src_cgi/myfiles_cgi.c:306]--select user_file_list.*, file_info.url, file_info.size, file_info.type from file_info, user_file_list where user = '123' and file_info.md5 = user_file_list.md5 limit 0, 1 在操作
[2024-06-28 18:29:01]--[src_cgi/myfiles_cgi.c:428]--{
	"files":	[{
			"user":	"123",
			"md5":	"09a9d1824ea6b9d82ba2bb8cf2303629",
			"time":	"2024-06-26 09:56:16",
			"filename":	"cat.jpg",
			"share_status":	0,
			"pv":	0,
			"url":	"http://192.168.181.1:80/group1/M00/00/00/wKi1AWZ7bz2AVGF6AABAxuJNm8o185.jpg",
			"size":	16582,
			"type":	"jpg"
		}]
}
[2024-06-28 18:32:28]--[src_cgi/myfiles_cgi.c:496]--cmd = count
[2024-06-28 18:32:28]--[src_cgi/myfiles_cgi.c:528]--buf = {
    "token": "bf06578e05f767e2ea6ec0f1e3559b68",
    "user": "123"
}

[2024-06-28 18:32:28]--[src_cgi/myfiles_cgi.c:176]--line = 1
[2024-06-28 18:32:28]--[src_cgi/myfiles_cgi.c:496]--cmd = normal
[2024-06-28 18:32:28]--[src_cgi/myfiles_cgi.c:528]--buf = {
    "count": 1,
    "start": 0,
    "token": "bf06578e05f767e2ea6ec0f1e3559b68",
    "user": "123"
}

[2024-06-28 18:32:28]--[src_cgi/myfiles_cgi.c:548]--user = 123, token = bf06578e05f767e2ea6ec0f1e3559b68, start = 0, count = 1
[2024-06-28 18:32:28]--[src_cgi/myfiles_cgi.c:306]--select user_file_list.*, file_info.url, file_info.size, file_info.type from file_info, user_file_list where user = '123' and file_info.md5 = user_file_list.md5 limit 0, 1 在操作
[2024-06-28 18:32:28]--[src_cgi/myfiles_cgi.c:428]--{
	"files":	[{
			"user":	"123",
			"md5":	"09a9d1824ea6b9d82ba2bb8cf2303629",
			"time":	"2024-06-26 09:56:16",
			"filename":	"cat.jpg",
			"share_status":	0,
			"pv":	0,
			"url":	"http://192.168.181.1:80/group1/M00/00/00/wKi1AWZ7bz2AVGF6AABAxuJNm8o185.jpg",
			"size":	16582,
			"type":	"jpg"
		}]
}
[2024-06-28 18:35:22]--[src_cgi/myfiles_cgi.c:496]--cmd = count
[2024-06-28 18:35:22]--[src_cgi/myfiles_cgi.c:528]--buf = {
    "token": "1249409263e3f3973ebcba04da0a3524",
    "user": "123"
}

[2024-06-28 18:35:22]--[src_cgi/myfiles_cgi.c:176]--line = 1
[2024-06-28 18:35:22]--[src_cgi/myfiles_cgi.c:496]--cmd = normal
[2024-06-28 18:35:22]--[src_cgi/myfiles_cgi.c:528]--buf = {
    "count": 1,
    "start": 0,
    "token": "1249409263e3f3973ebcba04da0a3524",
    "user": "123"
}

[2024-06-28 18:35:22]--[src_cgi/myfiles_cgi.c:548]--user = 123, token = 1249409263e3f3973ebcba04da0a3524, start = 0, count = 1
[2024-06-28 18:35:22]--[src_cgi/myfiles_cgi.c:306]--select user_file_list.*, file_info.url, file_info.size, file_info.type from file_info, user_file_list where user = '123' and file_info.md5 = user_file_list.md5 limit 0, 1 在操作
[2024-06-28 18:35:22]--[src_cgi/myfiles_cgi.c:428]--{
	"files":	[{
			"user":	"123",
			"md5":	"09a9d1824ea6b9d82ba2bb8cf2303629",
			"time":	"2024-06-26 09:56:16",
			"filename":	"cat.jpg",
			"share_status":	0,
			"pv":	0,
			"url":	"http://192.168.181.1:80/group1/M00/00/00/wKi1AWZ7bz2AVGF6AABAxuJNm8o185.jpg",
			"size":	16582,
			"type":	"jpg"
		}]
}
[2024-06-28 18:53:14]--[src_cgi/myfiles_cgi.c:496]--cmd = count
[2024-06-28 18:53:14]--[src_cgi/myfiles_cgi.c:528]--buf = {
    "token": "35cfd2121f3410df6bdbb50ac73601cc",
    "user": "123"
}

[2024-06-28 18:53:14]--[src_cgi/myfiles_cgi.c:176]--line = 1
[2024-06-28 18:53:14]--[src_cgi/myfiles_cgi.c:496]--cmd = normal
[2024-06-28 18:53:14]--[src_cgi/myfiles_cgi.c:528]--buf = {
    "count": 1,
    "start": 0,
    "token": "35cfd2121f3410df6bdbb50ac73601cc",
    "user": "123"
}

[2024-06-28 18:53:14]--[src_cgi/myfiles_cgi.c:548]--user = 123, token = 35cfd2121f3410df6bdbb50ac73601cc, start = 0, count = 1
[2024-06-28 18:53:14]--[src_cgi/myfiles_cgi.c:306]--select user_file_list.*, file_info.url, file_info.size, file_info.type from file_info, user_file_list where user = '123' and file_info.md5 = user_file_list.md5 limit 0, 1 在操作
[2024-06-28 18:53:14]--[src_cgi/myfiles_cgi.c:428]--{
	"files":	[{
			"user":	"123",
			"md5":	"09a9d1824ea6b9d82ba2bb8cf2303629",
			"time":	"2024-06-26 09:56:16",
			"filename":	"cat.jpg",
			"share_status":	0,
			"pv":	0,
			"url":	"http://192.168.181.1:80/group1/M00/00/00/wKi1AWZ7bz2AVGF6AABAxuJNm8o185.jpg",
			"size":	16582,
			"type":	"jpg"
		}]
}
[2024-06-28 18:53:43]--[src_cgi/myfiles_cgi.c:496]--cmd = count
[2024-06-28 18:53:43]--[src_cgi/myfiles_cgi.c:528]--buf = {
    "token": "2faab73d6579809b2e82c0676747f384",
    "user": "123"
}

[2024-06-28 18:53:43]--[src_cgi/myfiles_cgi.c:176]--line = 1
[2024-06-28 18:53:43]--[src_cgi/myfiles_cgi.c:496]--cmd = normal
[2024-06-28 18:53:43]--[src_cgi/myfiles_cgi.c:528]--buf = {
    "count": 1,
    "start": 0,
    "token": "2faab73d6579809b2e82c0676747f384",
    "user": "123"
}

[2024-06-28 18:53:43]--[src_cgi/myfiles_cgi.c:548]--user = 123, token = 2faab73d6579809b2e82c0676747f384, start = 0, count = 1
[2024-06-28 18:53:43]--[src_cgi/myfiles_cgi.c:306]--select user_file_list.*, file_info.url, file_info.size, file_info.type from file_info, user_file_list where user = '123' and file_info.md5 = user_file_list.md5 limit 0, 1 在操作
[2024-06-28 18:53:43]--[src_cgi/myfiles_cgi.c:428]--{
	"files":	[{
			"user":	"123",
			"md5":	"09a9d1824ea6b9d82ba2bb8cf2303629",
			"time":	"2024-06-26 09:56:16",
			"filename":	"cat.jpg",
			"share_status":	0,
			"pv":	0,
			"url":	"http://192.168.181.1:80/group1/M00/00/00/wKi1AWZ7bz2AVGF6AABAxuJNm8o185.jpg",
			"size":	16582,
			"type":	"jpg"
		}]
}
