[2024-06-30 10:18:15]--[src_cgi/sharefiles_cgi.c:42]--mysql:[user=root,pwd=huafeng,database=cloud_disk][2024-06-30 10:18:15]--[src_cgi/sharefiles_cgi.c:47]--redis:[ip=127.0.0.1,port=6379]
[2024-06-30 10:56:33]--[src_cgi/sharefiles_cgi.c:598]--cmd = count
[2024-06-30 10:56:33]--[src_cgi/sharefiles_cgi.c:85]--line = 2
[2024-06-30 10:56:33]--[src_cgi/sharefiles_cgi.c:598]--cmd = pvdesc
[2024-06-30 10:56:33]--[src_cgi/sharefiles_cgi.c:636]--buf = {
    "count": 2,
    "start": 0
}

[2024-06-30 10:56:33]--[src_cgi/sharefiles_cgi.c:645]--start = 0, count = 2
[2024-06-30 10:56:33]--[src_cgi/sharefiles_cgi.c:399]--sql_num = 2, redis_num = 5
[2024-06-30 10:56:33]--[src_cgi/sharefiles_cgi.c:413]--select md5, filename, pv from share_file_list order by pv desc 在操作
[2024-06-30 10:56:33]--[src_cgi/sharefiles_cgi.c:529]--{
	"files":	[{
			"filename":	"想法.txt",
			"pv":	0
		}, {
			"filename":	"cat.jpg",
			"pv":	0
		}]
}
[2024-06-30 10:56:42]--[src_cgi/sharefiles_cgi.c:598]--cmd = count
[2024-06-30 10:56:42]--[src_cgi/sharefiles_cgi.c:85]--line = 2
[2024-06-30 10:56:42]--[src_cgi/sharefiles_cgi.c:598]--cmd = normal
[2024-06-30 10:56:42]--[src_cgi/sharefiles_cgi.c:636]--buf = {
    "count": 2,
    "start": 0
}

[2024-06-30 10:56:42]--[src_cgi/sharefiles_cgi.c:645]--start = 0, count = 2
[2024-06-30 10:56:42]--[src_cgi/sharefiles_cgi.c:172]--select share_file_list.*, file_info.url, file_info.size, file_info.type from file_info, share_file_list where file_info.md5 = share_file_list.md5 limit 0, 2 在操作
[2024-06-30 10:56:42]--[src_cgi/sharefiles_cgi.c:292]--{
	"files":	[{
			"user":	"huafeng",
			"md5":	"09a9d1824ea6b9d82ba2bb8cf2303629",
			"time":	"2024-06-26 09:55:33",
			"filename":	"cat.jpg",
			"share_status":	1,
			"pv":	0,
			"url":	"http://192.168.181.1:80/group1/M00/00/00/wKi1AWZ7bz2AVGF6AABAxuJNm8o185.jpg",
			"size":	16582,
			"type":	"jpg"
		}, {
			"user":	"huafeng",
			"md5":	"83026f4d86f7d8d2d057df5587d7600e",
			"time":	"2024-06-26 09:55:25",
			"filename":	"想法.txt",
			"share_status":	1,
			"pv":	0,
			"url":	"http://192.168.181.1:80/group1/M00/00/00/wKi1AWZ7c02AVi3fAAACTV-b1us149.txt",
			"size":	589,
			"type":	"txt"
		}]
}
[2024-06-30 10:56:43]--[src_cgi/sharefiles_cgi.c:598]--cmd = count
[2024-06-30 10:56:43]--[src_cgi/sharefiles_cgi.c:85]--line = 2
[2024-06-30 10:56:43]--[src_cgi/sharefiles_cgi.c:598]--cmd = pvdesc
[2024-06-30 10:56:43]--[src_cgi/sharefiles_cgi.c:636]--buf = {
    "count": 2,
    "start": 0
}

[2024-06-30 10:56:43]--[src_cgi/sharefiles_cgi.c:645]--start = 0, count = 2
[2024-06-30 10:56:43]--[src_cgi/sharefiles_cgi.c:399]--sql_num = 2, redis_num = 2
[2024-06-30 10:56:43]--[src_cgi/sharefiles_cgi.c:529]--{
	"files":	[{
			"filename":	"想法.txt",
			"pv":	0
		}, {
			"filename":	"cat.jpg",
			"pv":	0
		}]
}
[2024-06-30 11:15:34]--[src_cgi/sharefiles_cgi.c:598]--cmd = count
[2024-06-30 11:15:34]--[src_cgi/sharefiles_cgi.c:85]--line = 2
[2024-06-30 11:15:34]--[src_cgi/sharefiles_cgi.c:598]--cmd = pvdesc
[2024-06-30 11:15:34]--[src_cgi/sharefiles_cgi.c:636]--buf = {
    "count": 2,
    "start": 0
}

[2024-06-30 11:15:34]--[src_cgi/sharefiles_cgi.c:645]--start = 0, count = 2
[2024-06-30 11:15:34]--[src_cgi/sharefiles_cgi.c:399]--sql_num = 2, redis_num = 2
[2024-06-30 11:15:34]--[src_cgi/sharefiles_cgi.c:529]--{
	"files":	[{
			"filename":	"想法.txt",
			"pv":	0
		}, {
			"filename":	"cat.jpg",
			"pv":	0
		}]
}
[2024-06-30 11:15:36]--[src_cgi/sharefiles_cgi.c:598]--cmd = count
[2024-06-30 11:15:36]--[src_cgi/sharefiles_cgi.c:85]--line = 2
[2024-06-30 11:15:36]--[src_cgi/sharefiles_cgi.c:598]--cmd = normal
[2024-06-30 11:15:36]--[src_cgi/sharefiles_cgi.c:636]--buf = {
    "count": 2,
    "start": 0
}

[2024-06-30 11:15:36]--[src_cgi/sharefiles_cgi.c:645]--start = 0, count = 2
[2024-06-30 11:15:36]--[src_cgi/sharefiles_cgi.c:172]--select share_file_list.*, file_info.url, file_info.size, file_info.type from file_info, share_file_list where file_info.md5 = share_file_list.md5 limit 0, 2 在操作
[2024-06-30 11:15:36]--[src_cgi/sharefiles_cgi.c:292]--{
	"files":	[{
			"user":	"huafeng",
			"md5":	"09a9d1824ea6b9d82ba2bb8cf2303629",
			"time":	"2024-06-26 09:55:33",
			"filename":	"cat.jpg",
			"share_status":	1,
			"pv":	0,
			"url":	"http://192.168.181.1:80/group1/M00/00/00/wKi1AWZ7bz2AVGF6AABAxuJNm8o185.jpg",
			"size":	16582,
			"type":	"jpg"
		}, {
			"user":	"huafeng",
			"md5":	"83026f4d86f7d8d2d057df5587d7600e",
			"time":	"2024-06-26 09:55:25",
			"filename":	"想法.txt",
			"share_status":	1,
			"pv":	0,
			"url":	"http://192.168.181.1:80/group1/M00/00/00/wKi1AWZ7c02AVi3fAAACTV-b1us149.txt",
			"size":	589,
			"type":	"txt"
		}]
}
[2024-06-30 11:15:37]--[src_cgi/sharefiles_cgi.c:598]--cmd = count
[2024-06-30 11:15:37]--[src_cgi/sharefiles_cgi.c:85]--line = 2
[2024-06-30 11:15:37]--[src_cgi/sharefiles_cgi.c:598]--cmd = normal
[2024-06-30 11:15:37]--[src_cgi/sharefiles_cgi.c:636]--buf = {
    "count": 2,
    "start": 0
}

[2024-06-30 11:15:37]--[src_cgi/sharefiles_cgi.c:645]--start = 0, count = 2
[2024-06-30 11:15:37]--[src_cgi/sharefiles_cgi.c:172]--select share_file_list.*, file_info.url, file_info.size, file_info.type from file_info, share_file_list where file_info.md5 = share_file_list.md5 limit 0, 2 在操作
[2024-06-30 11:15:37]--[src_cgi/sharefiles_cgi.c:292]--{
	"files":	[{
			"user":	"huafeng",
			"md5":	"09a9d1824ea6b9d82ba2bb8cf2303629",
			"time":	"2024-06-26 09:55:33",
			"filename":	"cat.jpg",
			"share_status":	1,
			"pv":	0,
			"url":	"http://192.168.181.1:80/group1/M00/00/00/wKi1AWZ7bz2AVGF6AABAxuJNm8o185.jpg",
			"size":	16582,
			"type":	"jpg"
		}, {
			"user":	"huafeng",
			"md5":	"83026f4d86f7d8d2d057df5587d7600e",
			"time":	"2024-06-26 09:55:25",
			"filename":	"想法.txt",
			"share_status":	1,
			"pv":	0,
			"url":	"http://192.168.181.1:80/group1/M00/00/00/wKi1AWZ7c02AVi3fAAACTV-b1us149.txt",
			"size":	589,
			"type":	"txt"
		}]
}
[2024-06-30 11:15:40]--[src_cgi/sharefiles_cgi.c:598]--cmd = count
[2024-06-30 11:15:40]--[src_cgi/sharefiles_cgi.c:85]--line = 2
[2024-06-30 11:15:40]--[src_cgi/sharefiles_cgi.c:598]--cmd = normal
[2024-06-30 11:15:40]--[src_cgi/sharefiles_cgi.c:636]--buf = {
    "count": 2,
    "start": 0
}

[2024-06-30 11:15:40]--[src_cgi/sharefiles_cgi.c:645]--start = 0, count = 2
[2024-06-30 11:15:40]--[src_cgi/sharefiles_cgi.c:172]--select share_file_list.*, file_info.url, file_info.size, file_info.type from file_info, share_file_list where file_info.md5 = share_file_list.md5 limit 0, 2 在操作
[2024-06-30 11:15:40]--[src_cgi/sharefiles_cgi.c:292]--{
	"files":	[{
			"user":	"huafeng",
			"md5":	"09a9d1824ea6b9d82ba2bb8cf2303629",
			"time":	"2024-06-26 09:55:33",
			"filename":	"cat.jpg",
			"share_status":	1,
			"pv":	0,
			"url":	"http://192.168.181.1:80/group1/M00/00/00/wKi1AWZ7bz2AVGF6AABAxuJNm8o185.jpg",
			"size":	16582,
			"type":	"jpg"
		}, {
			"user":	"huafeng",
			"md5":	"83026f4d86f7d8d2d057df5587d7600e",
			"time":	"2024-06-26 09:55:25",
			"filename":	"想法.txt",
			"share_status":	1,
			"pv":	0,
			"url":	"http://192.168.181.1:80/group1/M00/00/00/wKi1AWZ7c02AVi3fAAACTV-b1us149.txt",
			"size":	589,
			"type":	"txt"
		}]
}
[2024-06-30 11:15:42]--[src_cgi/sharefiles_cgi.c:598]--cmd = count
[2024-06-30 11:15:42]--[src_cgi/sharefiles_cgi.c:85]--line = 2
[2024-06-30 11:15:42]--[src_cgi/sharefiles_cgi.c:598]--cmd = pvdesc
[2024-06-30 11:15:42]--[src_cgi/sharefiles_cgi.c:636]--buf = {
    "count": 2,
    "start": 0
}

[2024-06-30 11:15:42]--[src_cgi/sharefiles_cgi.c:645]--start = 0, count = 2
[2024-06-30 11:15:42]--[src_cgi/sharefiles_cgi.c:399]--sql_num = 2, redis_num = 2
[2024-06-30 11:15:42]--[src_cgi/sharefiles_cgi.c:529]--{
	"files":	[{
			"filename":	"想法.txt",
			"pv":	0
		}, {
			"filename":	"cat.jpg",
			"pv":	0
		}]
}
[2024-06-30 11:15:43]--[src_cgi/sharefiles_cgi.c:598]--cmd = count
[2024-06-30 11:15:43]--[src_cgi/sharefiles_cgi.c:85]--line = 2
[2024-06-30 11:15:43]--[src_cgi/sharefiles_cgi.c:598]--cmd = normal
[2024-06-30 11:15:43]--[src_cgi/sharefiles_cgi.c:636]--buf = {
    "count": 2,
    "start": 0
}

[2024-06-30 11:15:43]--[src_cgi/sharefiles_cgi.c:645]--start = 0, count = 2
[2024-06-30 11:15:43]--[src_cgi/sharefiles_cgi.c:172]--select share_file_list.*, file_info.url, file_info.size, file_info.type from file_info, share_file_list where file_info.md5 = share_file_list.md5 limit 0, 2 在操作
[2024-06-30 11:15:43]--[src_cgi/sharefiles_cgi.c:292]--{
	"files":	[{
			"user":	"huafeng",
			"md5":	"09a9d1824ea6b9d82ba2bb8cf2303629",
			"time":	"2024-06-26 09:55:33",
			"filename":	"cat.jpg",
			"share_status":	1,
			"pv":	0,
			"url":	"http://192.168.181.1:80/group1/M00/00/00/wKi1AWZ7bz2AVGF6AABAxuJNm8o185.jpg",
			"size":	16582,
			"type":	"jpg"
		}, {
			"user":	"huafeng",
			"md5":	"83026f4d86f7d8d2d057df5587d7600e",
			"time":	"2024-06-26 09:55:25",
			"filename":	"想法.txt",
			"share_status":	1,
			"pv":	0,
			"url":	"http://192.168.181.1:80/group1/M00/00/00/wKi1AWZ7c02AVi3fAAACTV-b1us149.txt",
			"size":	589,
			"type":	"txt"
		}]
}
[2024-06-30 11:15:44]--[src_cgi/sharefiles_cgi.c:598]--cmd = count
[2024-06-30 11:15:44]--[src_cgi/sharefiles_cgi.c:85]--line = 2
[2024-06-30 11:15:44]--[src_cgi/sharefiles_cgi.c:598]--cmd = pvdesc
[2024-06-30 11:15:44]--[src_cgi/sharefiles_cgi.c:636]--buf = {
    "count": 2,
    "start": 0
}

[2024-06-30 11:15:44]--[src_cgi/sharefiles_cgi.c:645]--start = 0, count = 2
[2024-06-30 11:15:44]--[src_cgi/sharefiles_cgi.c:399]--sql_num = 2, redis_num = 2
[2024-06-30 11:15:44]--[src_cgi/sharefiles_cgi.c:529]--{
	"files":	[{
			"filename":	"想法.txt",
			"pv":	0
		}, {
			"filename":	"cat.jpg",
			"pv":	0
		}]
}
